{"meta": {"format": 3, "version": "7.13.5", "timestamp": "2026-04-19T09:14:33.612262", "branch_coverage": true, "show_contexts": false}, "files": {"scriba/__init__.py": {"executed_lines": [13, 14, 15, 16, 17, 18, 24, 31, 33, 61, 68, 69, 71, 73, 74, 75, 78], "summary": {"covered_lines": 17, "num_statements": 18, "percent_covered": 90.0, "percent_covered_display": "90", "missing_lines": 1, "excluded_lines": 2, "percent_statements_covered": 94.44444444444444, "percent_statements_covered_display": "94", "num_branches": 2, "num_partial_branches": 1, "covered_branches": 1, "missing_branches": 1, "percent_branches_covered": 50.0, "percent_branches_covered_display": "50"}, "missing_lines": [79], "excluded_lines": [76, 77], "executed_branches": [[68, 69]], "missing_branches": [[68, 79]], "functions": {"__getattr__": {"executed_lines": [68, 69, 71, 73, 74, 75, 78], "summary": {"covered_lines": 7, "num_statements": 8, "percent_covered": 80.0, "percent_covered_display": "80", "missing_lines": 1, "excluded_lines": 2, "percent_statements_covered": 87.5, "percent_statements_covered_display": "88", "num_branches": 2, "num_partial_branches": 1, "covered_branches": 1, "missing_branches": 1, "percent_branches_covered": 50.0, "percent_branches_covered_display": "50"}, "missing_lines": [79], "excluded_lines": [76, 77], "start_line": 61, "executed_branches": [[68, 69]], "missing_branches": [[68, 79]]}, "": {"executed_lines": [13, 14, 15, 16, 17, 18, 24, 31, 33, 61], "summary": {"covered_lines": 10, "num_statements": 10, "percent_covered": 100.0, "percent_covered_display": "100", "missing_lines": 0, "excluded_lines": 0, "percent_statements_covered": 100.0, "percent_statements_covered_display": "100", "num_branches": 0, "num_partial_branches": 0, "covered_branches": 0, "missing_branches": 0, "percent_branches_covered": 100.0, "percent_branches_covered_display": "100"}, "missing_lines": [], "excluded_lines": [], "start_line": 1, "executed_branches": [], "missing_branches": []}}, "classes": {"": {"executed_lines": [13, 14, 15, 16, 17, 18, 24, 31, 33, 61, 68, 69, 71, 73, 74, 75, 78], "summary": {"covered_lines": 17, "num_statements": 18, "percent_covered": 90.0, "percent_covered_display": "90", "missing_lines": 1, "excluded_lines": 2, "percent_statements_covered": 94.44444444444444, "percent_statements_covered_display": "94", "num_branches": 2, "num_partial_branches": 1, "covered_branches": 1, "missing_branches": 1, "percent_branches_covered": 50.0, "percent_branches_covered_display": "50"}, "missing_lines": [79], "excluded_lines": [76, 77], "start_line": 1, "executed_branches": [[68, 69]], "missing_branches": [[68, 79]]}}}, "scriba/animation/__init__.py": {"executed_lines": [10, 12, 13, 15], "summary": {"covered_lines": 4, "num_statements": 4, "percent_covered": 100.0, "percent_covered_display": "100", "missing_lines": 0, "excluded_lines": 0, "percent_statements_covered": 100.0, "percent_statements_covered_display": "100", "num_branches": 0, "num_partial_branches": 0, "covered_branches": 0, "missing_branches": 0, "percent_branches_covered": 100.0, "percent_branches_covered_display": "100"}, "missing_lines": [], "excluded_lines": [], "executed_branches": [], "missing_branches": [], "functions": {"": {"executed_lines": [10, 12, 13, 15], "summary": {"covered_lines": 4, "num_statements": 4, "percent_covered": 100.0, "percent_covered_display": "100", "missing_lines": 0, "excluded_lines": 0, "percent_statements_covered": 100.0, "percent_statements_covered_display": "100", "num_branches": 0, "num_partial_branches": 0, "covered_branches": 0, "missing_branches": 0, "percent_branches_covered": 100.0, "percent_branches_covered_display": "100"}, "missing_lines": [], "excluded_lines": [], "start_line": 1, "executed_branches": [], "missing_branches": []}}, "classes": {"": {"executed_lines": [10, 12, 13, 15], "summary": {"covered_lines": 4, "num_statements": 4, "percent_covered": 100.0, "percent_covered_display": "100", "missing_lines": 0, "excluded_lines": 0, "percent_statements_covered": 100.0, "percent_statements_covered_display": "100", "num_branches": 0, "num_partial_branches": 0, "covered_branches": 0, "missing_branches": 0, "percent_branches_covered": 100.0, "percent_branches_covered_display": "100"}, "missing_lines": [], "excluded_lines": [], "start_line": 1, "executed_branches": [], "missing_branches": []}}}, "scriba/animation/_frame_renderer.py": {"executed_lines": [7, 9, 10, 11, 13, 15, 24, 25, 33, 37, 38, 39, 42, 59, 60, 61, 62, 63, 64, 65, 66, 67, 69, 71, 74, 75, 76, 77, 78, 79, 80, 81, 82, 84, 85, 86, 87, 88, 89, 90, 91, 96, 97, 98, 99, 100, 103, 107, 112, 124, 125, 127, 128, 129, 131, 132, 133, 138, 139, 140, 141, 143, 144, 145, 147, 148, 150, 151, 153, 161, 163, 164, 165, 166, 169, 174, 175, 176, 197, 207, 209, 210, 213, 215, 220, 227, 229, 231, 232, 233, 234, 236, 237, 238, 239, 240, 243, 244, 245, 253, 261, 263, 266, 278, 283, 284, 286, 287, 288, 291, 292, 294, 295, 299, 305, 315, 316, 318, 319, 320, 332, 345, 346, 349, 352, 373, 376, 377, 380, 381, 384, 388, 389, 391, 392, 393, 396, 397, 401, 402, 407, 415, 416, 417, 420, 421, 422, 424, 426, 431, 432, 434, 435, 437, 439, 441, 446, 449, 451, 452, 459, 460, 462, 464, 465, 466, 467, 468, 469, 470, 471, 472, 473, 478, 479, 480, 481, 482, 484, 485, 487, 488], "summary": {"covered_lines": 182, "num_statements": 217, "percent_covered": 81.63265306122449, "percent_covered_display": "82", "missing_lines": 35, "excluded_lines": 0, "percent_statements_covered": 83.87096774193549, "percent_statements_covered_display": "84", "num_branches": 126, "num_partial_branches": 20, "covered_branches": 98, "missing_branches": 28, "percent_branches_covered": 77.77777777777777, "percent_branches_covered_display": "78"}, "missing_lines": [68, 70, 72, 83, 92, 93, 101, 102, 104, 105, 106, 108, 109, 221, 223, 224, 225, 241, 247, 248, 249, 250, 252, 254, 255, 256, 258, 259, 297, 328, 329, 347, 390, 398, 461], "excluded_lines": [], "executed_branches": [[37, 38], [37, 39], [64, 65], [64, 74], [65, 66], [65, 67], [67, 69], [69, 71], [71, 64], [74, 75], [74, 96], [75, 74], [75, 76], [76, 77], [76, 78], [79, 80], [79, 81], [81, 75], [81, 82], [82, 84], [85, 86], [85, 87], [88, 89], [96, 97], [96, 100], [100, 103], [103, 107], [107, -42], [124, 125], [124, 127], [131, 132], [131, 150], [132, 133], [132, 140], [138, 139], [138, 140], [143, 144], [143, 145], [163, 164], [163, 166], [164, 163], [164, 165], [174, 175], [174, 176], [220, 227], [231, 232], [231, 263], [236, 237], [236, 245], [239, 231], [239, 240], [240, 243], [245, 253], [253, 261], [278, -266], [278, 283], [283, 284], [283, 286], [287, 288], [291, 292], [291, 294], [294, 295], [299, 278], [299, 305], [319, 278], [319, 320], [345, -332], [345, 346], [346, 349], [376, 377], [376, 407], [380, 381], [380, 384], [388, 376], [388, 389], [389, 391], [392, 393], [392, 396], [397, 401], [416, 417], [416, 420], [424, 426], [424, 487], [431, 432], [431, 434], [451, 452], [451, 481], [452, 459], [459, 460], [459, 464], [460, 462], [466, 467], [469, 470], [469, 471], [472, 473], [472, 478], [479, 451], [479, 480]], "missing_branches": [[67, 68], [69, 70], [71, 72], [82, 83], [88, 90], [100, 101], [103, 104], [107, 108], [220, 221], [223, 224], [223, 225], [240, 241], [245, 247], [248, 249], [248, 252], [253, 254], [255, 231], [255, 256], [256, 255], [256, 258], [287, 291], [294, 297], [346, 347], [389, 390], [397, 398], [452, 451], [460, 461], [466, 468]], "functions": {"_normalize_bbox": {"executed_lines": [37, 38, 39], "summary": {"covered_lines": 3, "num_statements": 3, "percent_covered": 100.0, "percent_covered_display": "100", "missing_lines": 0, "excluded_lines": 0, "percent_statements_covered": 100.0, "percent_statements_covered_display": "100", "num_branches": 2, "num_partial_branches": 0, "covered_branches": 2, "missing_branches": 0, "percent_branches_covered": 100.0, "percent_branches_covered_display": "100"}, "missing_lines": [], "excluded_lines": [], "start_line": 33, "executed_branches": [[37, 38], [37, 39]], "missing_branches": []}, "_prescan_value_widths": {"executed_lines": [59, 60, 61, 62, 63, 64, 65, 66, 67, 69, 71, 74, 75, 76, 77, 78, 79, 80, 81, 82, 84, 85, 86, 87, 88, 89, 90, 91, 96, 97, 98, 99, 100, 103, 107], "summary": {"covered_lines": 35, "num_statements": 48, "percent_covered": 74.39024390243902, "percent_covered_display": "74", "missing_lines": 13, "excluded_lines": 0, "percent_statements_covered": 72.91666666666667, "percent_statements_covered_display": "73", "num_branches": 34, "num_partial_branches": 8, "covered_branches": 26, "missing_branches": 8, "percent_branches_covered": 76.47058823529412, "percent_branches_covered_display": "76"}, "missing_lines": [68, 70, 72, 83, 92, 93, 101, 102, 104, 105, 106, 108, 109], "excluded_lines": [], "start_line": 42, "executed_branches": [[64, 65], [64, 74], [65, 66], [65, 67], [67, 69], [69, 71], [71, 64], [74, 75], [74, 96], [75, 74], [75, 76], [76, 77], [76, 78], [79, 80], [79, 81], [81, 75], [81, 82], [82, 84], [85, 86], [85, 87], [88, 89], [96, 97], [96, 100], [100, 103], [103, 107], [107, -42]], "missing_branches": [[67, 68], [69, 70], [71, 72], [82, 83], [88, 90], [100, 101], [103, 104], [107, 108]]}, "compute_viewbox": {"executed_lines": [124, 125, 127, 128, 129, 131, 132, 133, 138, 139, 140, 141, 143, 144, 145, 147, 148, 150, 151, 153], "summary": {"covered_lines": 20, "num_statements": 20, "percent_covered": 100.0, "percent_covered_display": "100", "missing_lines": 0, "excluded_lines": 0, "percent_statements_covered": 100.0, "percent_statements_covered_display": "100", "num_branches": 10, "num_partial_branches": 0, "covered_branches": 10, "missing_branches": 0, "percent_branches_covered": 100.0, "percent_branches_covered_display": "100"}, "missing_lines": [], "excluded_lines": [], "start_line": 112, "executed_branches": [[124, 125], [124, 127], [131, 132], [131, 150], [132, 133], [132, 140], [138, 139], [138, 140], [143, 144], [143, 145]], "missing_branches": []}, "_has_directed_graph": {"executed_lines": [163, 164, 165, 166], "summary": {"covered_lines": 4, "num_statements": 4, "percent_covered": 100.0, "percent_covered_display": "100", "missing_lines": 0, "excluded_lines": 0, "percent_statements_covered": 100.0, "percent_statements_covered_display": "100", "num_branches": 4, "num_partial_branches": 0, "covered_branches": 4, "missing_branches": 0, "percent_branches_covered": 100.0, "percent_branches_covered_display": "100"}, "missing_lines": [], "excluded_lines": [], "start_line": 161, "executed_branches": [[163, 164], [163, 166], [164, 163], [164, 165]], "missing_branches": []}, "emit_shared_defs": {"executed_lines": [174, 175, 176], "summary": {"covered_lines": 3, "num_statements": 3, "percent_covered": 100.0, "percent_covered_display": "100", "missing_lines": 0, "excluded_lines": 0, "percent_statements_covered": 100.0, "percent_statements_covered_display": "100", "num_branches": 2, "num_partial_branches": 0, "covered_branches": 2, "missing_branches": 0, "percent_branches_covered": 100.0, "percent_branches_covered_display": "100"}, "missing_lines": [], "excluded_lines": [], "start_line": 169, "executed_branches": [[174, 175], [174, 176]], "missing_branches": []}, "_expand_selectors": {"executed_lines": [207, 209, 210, 213, 215, 229, 231, 232, 233, 234, 236, 237, 238, 239, 240, 243, 244, 245, 253, 261, 263], "summary": {"covered_lines": 21, "num_statements": 32, "percent_covered": 60.0, "percent_covered_display": "60", "missing_lines": 11, "excluded_lines": 0, "percent_statements_covered": 65.625, "percent_statements_covered_display": "66", "num_branches": 18, "num_partial_branches": 3, "covered_branches": 9, "missing_branches": 9, "percent_branches_covered": 50.0, "percent_branches_covered_display": "50"}, "missing_lines": [241, 247, 248, 249, 250, 252, 254, 255, 256, 258, 259], "excluded_lines": [], "start_line": 197, "executed_branches": [[231, 232], [231, 263], [236, 237], [236, 245], [239, 231], [239, 240], [240, 243], [245, 253], [253, 261]], "missing_branches": [[240, 241], [245, 247], [248, 249], [248, 252], [253, 254], [255, 231], [255, 256], [256, 255], [256, 258]]}, "_expand_selectors._merge": {"executed_lines": [220, 227], "summary": {"covered_lines": 2, "num_statements": 6, "percent_covered": 30.0, "percent_covered_display": "30", "missing_lines": 4, "excluded_lines": 0, "percent_statements_covered": 33.333333333333336, "percent_statements_covered_display": "33", "num_branches": 4, "num_partial_branches": 1, "covered_branches": 1, "missing_branches": 3, "percent_branches_covered": 25.0, "percent_branches_covered_display": "25"}, "missing_lines": [221, 223, 224, 225], "excluded_lines": [], "start_line": 215, "executed_branches": [[220, 227]], "missing_branches": [[220, 221], [223, 224], [223, 225]]}, "_validate_expanded_selectors": {"executed_lines": [278, 283, 284, 286, 287, 288, 291, 292, 294, 295, 299, 305, 315, 316, 318, 319, 320], "summary": {"covered_lines": 17, "num_statements": 20, "percent_covered": 85.29411764705883, "percent_covered_display": "85", "missing_lines": 3, "excluded_lines": 0, "percent_statements_covered": 85.0, "percent_statements_covered_display": "85", "num_branches": 14, "num_partial_branches": 2, "covered_branches": 12, "missing_branches": 2, "percent_branches_covered": 85.71428571428571, "percent_branches_covered_display": "86"}, "missing_lines": [297, 328, 329], "excluded_lines": [], "start_line": 266, "executed_branches": [[278, -266], [278, 283], [283, 284], [283, 286], [287, 288], [291, 292], [291, 294], [294, 295], [299, 278], [299, 305], [319, 278], [319, 320]], "missing_branches": [[287, 291], [294, 297]]}, "_apply_param_list": {"executed_lines": [345, 346, 349], "summary": {"covered_lines": 3, "num_statements": 4, "percent_covered": 75.0, "percent_covered_display": "75", "missing_lines": 1, "excluded_lines": 0, "percent_statements_covered": 75.0, "percent_statements_covered_display": "75", "num_branches": 4, "num_partial_branches": 1, "covered_branches": 3, "missing_branches": 1, "percent_branches_covered": 75.0, "percent_branches_covered_display": "75"}, "missing_lines": [347], "excluded_lines": [], "start_line": 332, "executed_branches": [[345, -332], [345, 346], [346, 349]], "missing_branches": [[346, 347]]}, "_emit_frame_svg": {"executed_lines": [373, 376, 377, 380, 381, 384, 388, 389, 391, 392, 393, 396, 397, 401, 402, 407, 415, 416, 417, 420, 421, 422, 424, 426, 431, 432, 434, 435, 437, 439, 441, 446, 449, 451, 452, 459, 460, 462, 464, 465, 466, 467, 468, 469, 470, 471, 472, 473, 478, 479, 480, 481, 482, 484, 485, 487, 488], "summary": {"covered_lines": 57, "num_statements": 60, "percent_covered": 91.48936170212765, "percent_covered_display": "91", "missing_lines": 3, "excluded_lines": 0, "percent_statements_covered": 95.0, "percent_statements_covered_display": "95", "num_branches": 34, "num_partial_branches": 5, "covered_branches": 29, "missing_branches": 5, "percent_branches_covered": 85.29411764705883, "percent_branches_covered_display": "85"}, "missing_lines": [390, 398, 461], "excluded_lines": [], "start_line": 352, "executed_branches": [[376, 377], [376, 407], [380, 381], [380, 384], [388, 376], [388, 389], [389, 391], [392, 393], [392, 396], [397, 401], [416, 417], [416, 420], [424, 426], [424, 487], [431, 432], [431, 434], [451, 452], [451, 481], [452, 459], [459, 460], [459, 464], [460, 462], [466, 467], [469, 470], [469, 471], [472, 473], [472, 478], [479, 451], [479, 480]], "missing_branches": [[389, 390], [397, 398], [452, 451], [460, 461], [466, 468]]}, "": {"executed_lines": [7, 9, 10, 11, 13, 15, 24, 25, 33, 42, 112, 161, 169, 197, 266, 332, 352], "summary": {"covered_lines": 17, "num_statements": 17, "percent_covered": 100.0, "percent_covered_display": "100", "missing_lines": 0, "excluded_lines": 0, "percent_statements_covered": 100.0, "percent_statements_covered_display": "100", "num_branches": 0, "num_partial_branches": 0, "covered_branches": 0, "missing_branches": 0, "percent_branches_covered": 100.0, "percent_branches_covered_display": "100"}, "missing_lines": [], "excluded_lines": [], "start_line": 1, "executed_branches": [], "missing_branches": []}}, "classes": {"": {"executed_lines": [7, 9, 10, 11, 13, 15, 24, 25, 33, 37, 38, 39, 42, 59, 60, 61, 62, 63, 64, 65, 66, 67, 69, 71, 74, 75, 76, 77, 78, 79, 80, 81, 82, 84, 85, 86, 87, 88, 89, 90, 91, 96, 97, 98, 99, 100, 103, 107, 112, 124, 125, 127, 128, 129, 131, 132, 133, 138, 139, 140, 141, 143, 144, 145, 147, 148, 150, 151, 153, 161, 163, 164, 165, 166, 169, 174, 175, 176, 197, 207, 209, 210, 213, 215, 220, 227, 229, 231, 232, 233, 234, 236, 237, 238, 239, 240, 243, 244, 245, 253, 261, 263, 266, 278, 283, 284, 286, 287, 288, 291, 292, 294, 295, 299, 305, 315, 316, 318, 319, 320, 332, 345, 346, 349, 352, 373, 376, 377, 380, 381, 384, 388, 389, 391, 392, 393, 396, 397, 401, 402, 407, 415, 416, 417, 420, 421, 422, 424, 426, 431, 432, 434, 435, 437, 439, 441, 446, 449, 451, 452, 459, 460, 462, 464, 465, 466, 467, 468, 469, 470, 471, 472, 473, 478, 479, 480, 481, 482, 484, 485, 487, 488], "summary": {"covered_lines": 182, "num_statements": 217, "percent_covered": 81.63265306122449, "percent_covered_display": "82", "missing_lines": 35, "excluded_lines": 0, "percent_statements_covered": 83.87096774193549, "percent_statements_covered_display": "84", "num_branches": 126, "num_partial_branches": 20, "covered_branches": 98, "missing_branches": 28, "percent_branches_covered": 77.77777777777777, "percent_branches_covered_display": "78"}, "missing_lines": [68, 70, 72, 83, 92, 93, 101, 102, 104, 105, 106, 108, 109, 221, 223, 224, 225, 241, 247, 248, 249, 250, 252, 254, 255, 256, 258, 259, 297, 328, 329, 347, 390, 398, 461], "excluded_lines": [], "start_line": 1, "executed_branches": [[37, 38], [37, 39], [64, 65], [64, 74], [65, 66], [65, 67], [67, 69], [69, 71], [71, 64], [74, 75], [74, 96], [75, 74], [75, 76], [76, 77], [76, 78], [79, 80], [79, 81], [81, 75], [81, 82], [82, 84], [85, 86], [85, 87], [88, 89], [96, 97], [96, 100], [100, 103], [103, 107], [107, -42], [124, 125], [124, 127], [131, 132], [131, 150], [132, 133], [132, 140], [138, 139], [138, 140], [143, 144], [143, 145], [163, 164], [163, 166], [164, 163], [164, 165], [174, 175], [174, 176], [220, 227], [231, 232], [231, 263], [236, 237], [236, 245], [239, 231], [239, 240], [240, 243], [245, 253], [253, 261], [278, -266], [278, 283], [283, 284], [283, 286], [287, 288], [291, 292], [291, 294], [294, 295], [299, 278], [299, 305], [319, 278], [319, 320], [345, -332], [345, 346], [346, 349], [376, 377], [376, 407], [380, 381], [380, 384], [388, 376], [388, 389], [389, 391], [392, 393], [392, 396], [397, 401], [416, 417], [416, 420], [424, 426], [424, 487], [431, 432], [431, 434], [451, 452], [451, 481], [452, 459], [459, 460], [459, 464], [460, 462], [466, 467], [469, 470], [469, 471], [472, 473], [472, 478], [479, 451], [479, 480]], "missing_branches": [[67, 68], [69, 70], [71, 72], [82, 83], [88, 90], [100, 101], [103, 104], [107, 108], [220, 221], [223, 224], [223, 225], [240, 241], [245, 247], [248, 249], [248, 252], [253, 254], [255, 231], [255, 256], [256, 255], [256, 258], [287, 291], [294, 297], [346, 347], [389, 390], [397, 398], [452, 451], [460, 461], [466, 468]]}}}, "scriba/animation/_html_stitcher.py": {"executed_lines": [8, 10, 11, 12, 14, 19, 20, 24, 26, 40, 42, 45, 47, 62, 64, 65, 68, 70, 71, 79, 90, 91, 93, 95, 96, 109, 114, 115, 116, 117, 118, 119, 120, 123, 124, 125, 126, 127, 130, 131, 132, 133, 134, 135, 139, 140, 141, 142, 143, 146, 147, 148, 152, 153, 154, 155, 156, 158, 159, 160, 161, 162, 165, 171, 177, 178, 179, 180, 185, 202, 204, 222, 225, 240, 241, 243, 244, 245, 246, 249, 250, 252, 254, 257, 258, 259, 264, 268, 270, 275, 303, 330, 331, 333, 335, 336, 344, 347, 348, 349, 350, 351, 352, 353, 354, 355, 356, 357, 358, 362, 363, 364, 365, 366, 367, 371, 372, 373, 378, 380, 381, 402, 403, 404, 405, 407, 408, 411, 420, 421, 424, 425, 426, 427, 428, 429, 430, 431, 432, 436, 437, 440, 448, 449, 453, 458, 459, 460, 461, 462, 464, 465, 466, 472, 480, 497, 498, 499, 500, 501, 502, 503, 505, 512, 513, 516, 517, 518, 519, 520, 526, 527, 530, 531, 532, 533, 534, 537, 542, 545, 546, 548, 550, 569, 577, 609, 614, 616, 617, 620, 621, 625, 631, 632, 633, 641, 648, 650, 659, 660, 661, 662, 668], "summary": {"covered_lines": 203, "num_statements": 212, "percent_covered": 94.86301369863014, "percent_covered_display": "95", "missing_lines": 9, "excluded_lines": 0, "percent_statements_covered": 95.75471698113208, "percent_statements_covered_display": "96", "num_branches": 80, "num_partial_branches": 6, "covered_branches": 74, "missing_branches": 6, "percent_branches_covered": 92.5, "percent_branches_covered_display": "92"}, "missing_lines": [144, 145, 251, 374, 375, 376, 377, 463, 652], "excluded_lines": [], "executed_branches": [[95, 96], [95, 109], [116, 117], [116, 123], [130, 131], [130, 152], [131, 132], [131, 133], [134, 135], [134, 146], [139, 140], [141, 134], [141, 142], [147, 148], [153, 154], [153, 158], [154, 153], [154, 155], [159, 160], [159, 202], [178, 179], [178, 185], [179, 180], [179, 185], [250, 252], [258, 259], [258, 268], [335, 336], [335, 344], [349, 350], [349, 354], [362, 363], [362, 402], [363, 364], [363, 365], [366, 367], [366, 378], [371, 372], [371, 373], [373, 366], [380, 362], [380, 381], [407, 408], [407, 497], [429, 430], [429, 436], [431, 432], [431, 436], [459, 460], [459, 480], [460, 461], [460, 480], [462, 464], [465, 460], [465, 466], [499, 500], [499, 516], [501, 502], [501, 505], [517, 518], [517, 526], [530, 531], [530, 537], [531, 532], [531, 537], [545, 546], [545, 548], [616, 617], [616, 620], [620, 621], [620, 625], [631, 632], [631, 633], [650, 659]], "missing_branches": [[139, 141], [147, 130], [250, 251], [373, 374], [462, 463], [650, 652]], "functions": {"_escape": {"executed_lines": [42], "summary": {"covered_lines": 1, "num_statements": 1, "percent_covered": 100.0, "percent_covered_display": "100", "missing_lines": 0, "excluded_lines": 0, "percent_statements_covered": 100.0, "percent_statements_covered_display": "100", "num_branches": 0, "num_partial_branches": 0, "covered_branches": 0, "missing_branches": 0, "percent_branches_covered": 100.0, "percent_branches_covered_display": "100"}, "missing_lines": [], "excluded_lines": [], "start_line": 40, "executed_branches": [], "missing_branches": []}, "_escape_js": {"executed_lines": [47], "summary": {"covered_lines": 1, "num_statements": 1, "percent_covered": 100.0, "percent_covered_display": "100", "missing_lines": 0, "excluded_lines": 0, "percent_statements_covered": 100.0, "percent_statements_covered_display": "100", "num_branches": 0, "num_partial_branches": 0, "covered_branches": 0, "missing_branches": 0, "percent_branches_covered": 100.0, "percent_branches_covered_display": "100"}, "missing_lines": [], "excluded_lines": [], "start_line": 45, "executed_branches": [], "missing_branches": []}, "_get_frame_id_fn": {"executed_lines": [64, 65], "summary": {"covered_lines": 2, "num_statements": 2, "percent_covered": 100.0, "percent_covered_display": "100", "missing_lines": 0, "excluded_lines": 0, "percent_statements_covered": 100.0, "percent_statements_covered_display": "100", "num_branches": 0, "num_partial_branches": 0, "covered_branches": 0, "missing_branches": 0, "percent_branches_covered": 100.0, "percent_branches_covered_display": "100"}, "missing_lines": [], "excluded_lines": [], "start_line": 62, "executed_branches": [], "missing_branches": []}, "_get_is_id_safe_label_fn": {"executed_lines": [70, 71], "summary": {"covered_lines": 2, "num_statements": 2, "percent_covered": 100.0, "percent_covered_display": "100", "missing_lines": 0, "excluded_lines": 0, "percent_statements_covered": 100.0, "percent_statements_covered_display": "100", "num_branches": 0, "num_partial_branches": 0, "covered_branches": 0, "missing_branches": 0, "percent_branches_covered": 100.0, "percent_branches_covered_display": "100"}, "missing_lines": [], "excluded_lines": [], "start_line": 68, "executed_branches": [], "missing_branches": []}, "emit_animation_html": {"executed_lines": [90, 91, 93, 95, 96, 109, 114, 115, 116, 117, 118, 119, 120, 123, 124, 125, 126, 127, 130, 131, 132, 133, 134, 135, 139, 140, 141, 142, 143, 146, 147, 148, 152, 153, 154, 155, 156, 158, 159, 160, 161, 162, 165, 171, 177, 178, 179, 180, 185, 202, 204], "summary": {"covered_lines": 51, "num_statements": 53, "percent_covered": 94.9367088607595, "percent_covered_display": "95", "missing_lines": 2, "excluded_lines": 0, "percent_statements_covered": 96.22641509433963, "percent_statements_covered_display": "96", "num_branches": 26, "num_partial_branches": 2, "covered_branches": 24, "missing_branches": 2, "percent_branches_covered": 92.3076923076923, "percent_branches_covered_display": "92"}, "missing_lines": [144, 145], "excluded_lines": [], "start_line": 79, "executed_branches": [[95, 96], [95, 109], [116, 117], [116, 123], [130, 131], [130, 152], [131, 132], [131, 133], [134, 135], [134, 146], [139, 140], [141, 134], [141, 142], [147, 148], [153, 154], [153, 158], [154, 153], [154, 155], [159, 160], [159, 202], [178, 179], [178, 185], [179, 180], [179, 185]], "missing_branches": [[139, 141], [147, 130]]}, "emit_substory_html": {"executed_lines": [240, 241, 243, 244, 245, 246, 249, 250, 252, 254, 257, 258, 259, 264, 268, 270, 275], "summary": {"covered_lines": 17, "num_statements": 18, "percent_covered": 90.9090909090909, "percent_covered_display": "91", "missing_lines": 1, "excluded_lines": 0, "percent_statements_covered": 94.44444444444444, "percent_statements_covered_display": "94", "num_branches": 4, "num_partial_branches": 1, "covered_branches": 3, "missing_branches": 1, "percent_branches_covered": 75.0, "percent_branches_covered_display": "75"}, "missing_lines": [251], "excluded_lines": [], "start_line": 225, "executed_branches": [[250, 252], [258, 259], [258, 268]], "missing_branches": [[250, 251]]}, "emit_interactive_html": {"executed_lines": [330, 331, 333, 335, 336, 344, 347, 348, 349, 350, 351, 352, 353, 354, 355, 356, 357, 358, 362, 363, 364, 365, 366, 367, 371, 372, 373, 378, 380, 381, 402, 403, 404, 405, 407, 408, 411, 420, 421, 424, 425, 426, 427, 428, 429, 430, 431, 432, 436, 437, 440, 448, 449, 453, 458, 459, 460, 461, 462, 464, 465, 466, 472, 480, 497, 498, 499, 500, 501, 502, 503, 505, 512, 513, 516, 517, 518, 519, 520, 526, 527, 530, 531, 532, 533, 534, 537, 542, 545, 546, 548, 550, 569], "summary": {"covered_lines": 93, "num_statements": 98, "percent_covered": 95.0, "percent_covered_display": "95", "missing_lines": 5, "excluded_lines": 0, "percent_statements_covered": 94.89795918367346, "percent_statements_covered_display": "95", "num_branches": 42, "num_partial_branches": 2, "covered_branches": 40, "missing_branches": 2, "percent_branches_covered": 95.23809523809524, "percent_branches_covered_display": "95"}, "missing_lines": [374, 375, 376, 377, 463], "excluded_lines": [], "start_line": 303, "executed_branches": [[335, 336], [335, 344], [349, 350], [349, 354], [362, 363], [362, 402], [363, 364], [363, 365], [366, 367], [366, 378], [371, 372], [371, 373], [373, 366], [380, 362], [380, 381], [407, 408], [407, 497], [429, 430], [429, 436], [431, 432], [431, 436], [459, 460], [459, 480], [460, 461], [460, 480], [462, 464], [465, 460], [465, 466], [499, 500], [499, 516], [501, 502], [501, 505], [517, 518], [517, 526], [530, 531], [530, 537], [531, 532], [531, 537], [545, 546], [545, 548]], "missing_branches": [[373, 374], [462, 463]]}, "emit_html": {"executed_lines": [609, 614, 616, 617, 620, 621, 625, 631, 632, 633], "summary": {"covered_lines": 10, "num_statements": 10, "percent_covered": 100.0, "percent_covered_display": "100", "missing_lines": 0, "excluded_lines": 0, "percent_statements_covered": 100.0, "percent_statements_covered_display": "100", "num_branches": 6, "num_partial_branches": 0, "covered_branches": 6, "missing_branches": 0, "percent_branches_covered": 100.0, "percent_branches_covered_display": "100"}, "missing_lines": [], "excluded_lines": [], "start_line": 577, "executed_branches": [[616, 617], [616, 620], [620, 621], [620, 625], [631, 632], [631, 633]], "missing_branches": []}, "emit_diagram_html": {"executed_lines": [648, 650, 659, 660, 661, 662, 668], "summary": {"covered_lines": 7, "num_statements": 8, "percent_covered": 80.0, "percent_covered_display": "80", "missing_lines": 1, "excluded_lines": 0, "percent_statements_covered": 87.5, "percent_statements_covered_display": "88", "num_branches": 2, "num_partial_branches": 1, "covered_branches": 1, "missing_branches": 1, "percent_branches_covered": 50.0, "percent_branches_covered_display": "50"}, "missing_lines": [652], "excluded_lines": [], "start_line": 641, "executed_branches": [[650, 659]], "missing_branches": [[650, 652]]}, "": {"executed_lines": [8, 10, 11, 12, 14, 19, 20, 24, 26, 40, 45, 62, 68, 79, 222, 225, 303, 577, 641], "summary": {"covered_lines": 19, "num_statements": 19, "percent_covered": 100.0, "percent_covered_display": "100", "missing_lines": 0, "excluded_lines": 0, "percent_statements_covered": 100.0, "percent_statements_covered_display": "100", "num_branches": 0, "num_partial_branches": 0, "covered_branches": 0, "missing_branches": 0, "percent_branches_covered": 100.0, "percent_branches_covered_display": "100"}, "missing_lines": [], "excluded_lines": [], "start_line": 1, "executed_branches": [], "missing_branches": []}}, "classes": {"": {"executed_lines": [8, 10, 11, 12, 14, 19, 20, 24, 26, 40, 42, 45, 47, 62, 64, 65, 68, 70, 71, 79, 90, 91, 93, 95, 96, 109, 114, 115, 116, 117, 118, 119, 120, 123, 124, 125, 126, 127, 130, 131, 132, 133, 134, 135, 139, 140, 141, 142, 143, 146, 147, 148, 152, 153, 154, 155, 156, 158, 159, 160, 161, 162, 165, 171, 177, 178, 179, 180, 185, 202, 204, 222, 225, 240, 241, 243, 244, 245, 246, 249, 250, 252, 254, 257, 258, 259, 264, 268, 270, 275, 303, 330, 331, 333, 335, 336, 344, 347, 348, 349, 350, 351, 352, 353, 354, 355, 356, 357, 358, 362, 363, 364, 365, 366, 367, 371, 372, 373, 378, 380, 381, 402, 403, 404, 405, 407, 408, 411, 420, 421, 424, 425, 426, 427, 428, 429, 430, 431, 432, 436, 437, 440, 448, 449, 453, 458, 459, 460, 461, 462, 464, 465, 466, 472, 480, 497, 498, 499, 500, 501, 502, 503, 505, 512, 513, 516, 517, 518, 519, 520, 526, 527, 530, 531, 532, 533, 534, 537, 542, 545, 546, 548, 550, 569, 577, 609, 614, 616, 617, 620, 621, 625, 631, 632, 633, 641, 648, 650, 659, 660, 661, 662, 668], "summary": {"covered_lines": 203, "num_statements": 212, "percent_covered": 94.86301369863014, "percent_covered_display": "95", "missing_lines": 9, "excluded_lines": 0, "percent_statements_covered": 95.75471698113208, "percent_statements_covered_display": "96", "num_branches": 80, "num_partial_branches": 6, "covered_branches": 74, "missing_branches": 6, "percent_branches_covered": 92.5, "percent_branches_covered_display": "92"}, "missing_lines": [144, 145, 251, 374, 375, 376, 377, 463, 652], "excluded_lines": [], "start_line": 1, "executed_branches": [[95, 96], [95, 109], [116, 117], [116, 123], [130, 131], [130, 152], [131, 132], [131, 133], [134, 135], [134, 146], [139, 140], [141, 134], [141, 142], [147, 148], [153, 154], [153, 158], [154, 153], [154, 155], [159, 160], [159, 202], [178, 179], [178, 185], [179, 180], [179, 185], [250, 252], [258, 259], [258, 268], [335, 336], [335, 344], [349, 350], [349, 354], [362, 363], [362, 402], [363, 364], [363, 365], [366, 367], [366, 378], [371, 372], [371, 373], [373, 366], [380, 362], [380, 381], [407, 408], [407, 497], [429, 430], [429, 436], [431, 432], [431, 436], [459, 460], [459, 480], [460, 461], [460, 480], [462, 464], [465, 460], [465, 466], [499, 500], [499, 516], [501, 502], [501, 505], [517, 518], [517, 526], [530, 531], [530, 537], [531, 532], [531, 537], [545, 546], [545, 548], [616, 617], [616, 620], [620, 621], [620, 625], [631, 632], [631, 633], [650, 659]], "missing_branches": [[139, 141], [147, 130], [250, 251], [373, 374], [462, 463], [650, 652]]}}}, "scriba/animation/_minify.py": {"executed_lines": [9, 11, 13, 20, 38, 46, 47, 48, 53, 54, 55, 56, 58, 59, 60, 62, 63, 64, 65, 66, 67, 70, 78, 80, 86, 94, 109, 117, 118, 119, 120, 121, 122, 123, 125, 133, 135, 137, 139, 142, 143, 145], "summary": {"covered_lines": 42, "num_statements": 58, "percent_covered": 74.28571428571429, "percent_covered_display": "74", "missing_lines": 16, "excluded_lines": 0, "percent_statements_covered": 72.41379310344827, "percent_statements_covered_display": "72", "num_branches": 12, "num_partial_branches": 0, "covered_branches": 10, "missing_branches": 2, "percent_branches_covered": 83.33333333333333, "percent_branches_covered_display": "83"}, "missing_lines": [28, 30, 32, 34, 35, 81, 82, 83, 95, 96, 101, 102, 104, 105, 106, 107], "excluded_lines": [], "executed_branches": [[48, 53], [48, 67], [55, 56], [55, 65], [63, 64], [63, 65], [65, 48], [65, 66], [142, 143], [142, 145]], "missing_branches": [[101, 102], [101, 104]], "functions": {"_minify_css": {"executed_lines": [], "summary": {"covered_lines": 0, "num_statements": 5, "percent_covered": 0.0, "percent_covered_display": "0", "missing_lines": 5, "excluded_lines": 0, "percent_statements_covered": 0.0, "percent_statements_covered_display": "0", "num_branches": 0, "num_partial_branches": 0, "covered_branches": 0, "missing_branches": 0, "percent_branches_covered": 100.0, "percent_branches_covered_display": "100"}, "missing_lines": [28, 30, 32, 34, 35], "excluded_lines": [], "start_line": 20, "executed_branches": [], "missing_branches": []}, "_minify_js": {"executed_lines": [46, 47, 48, 53, 54, 55, 56, 58, 59, 60, 62, 63, 64, 65, 66, 67], "summary": {"covered_lines": 16, "num_statements": 16, "percent_covered": 100.0, "percent_covered_display": "100", "missing_lines": 0, "excluded_lines": 0, "percent_statements_covered": 100.0, "percent_statements_covered_display": "100", "num_branches": 8, "num_partial_branches": 0, "covered_branches": 8, "missing_branches": 0, "percent_branches_covered": 100.0, "percent_branches_covered_display": "100"}, "missing_lines": [], "excluded_lines": [], "start_line": 38, "executed_branches": [[48, 53], [48, 67], [55, 56], [55, 65], [63, 64], [63, 65], [65, 48], [65, 66]], "missing_branches": []}, "_minify_html": {"executed_lines": [78, 80, 86, 94, 109, 117, 125, 133, 135, 137, 139, 142, 143, 145], "summary": {"covered_lines": 14, "num_statements": 14, "percent_covered": 100.0, "percent_covered_display": "100", "missing_lines": 0, "excluded_lines": 0, "percent_statements_covered": 100.0, "percent_statements_covered_display": "100", "num_branches": 2, "num_partial_branches": 0, "covered_branches": 2, "missing_branches": 0, "percent_branches_covered": 100.0, "percent_branches_covered_display": "100"}, "missing_lines": [], "excluded_lines": [], "start_line": 70, "executed_branches": [[142, 143], [142, 145]], "missing_branches": []}, "_minify_html._stash": {"executed_lines": [], "summary": {"covered_lines": 0, "num_statements": 3, "percent_covered": 0.0, "percent_covered_display": "0", "missing_lines": 3, "excluded_lines": 0, "percent_statements_covered": 0.0, "percent_statements_covered_display": "0", "num_branches": 0, "num_partial_branches": 0, "covered_branches": 0, "missing_branches": 0, "percent_branches_covered": 100.0, "percent_branches_covered_display": "100"}, "missing_lines": [81, 82, 83], "excluded_lines": [], "start_line": 80, "executed_branches": [], "missing_branches": []}, "_minify_html._minify_style_block": {"executed_lines": [], "summary": {"covered_lines": 0, "num_statements": 8, "percent_covered": 0.0, "percent_covered_display": "0", "missing_lines": 8, "excluded_lines": 0, "percent_statements_covered": 0.0, "percent_statements_covered_display": "0", "num_branches": 2, "num_partial_branches": 0, "covered_branches": 0, "missing_branches": 2, "percent_branches_covered": 0.0, "percent_branches_covered_display": "0"}, "missing_lines": [95, 96, 101, 102, 104, 105, 106, 107], "excluded_lines": [], "start_line": 94, "executed_branches": [], "missing_branches": [[101, 102], [101, 104]]}, "_minify_html._minify_script_block": {"executed_lines": [118, 119, 120, 121, 122, 123], "summary": {"covered_lines": 6, "num_statements": 6, "percent_covered": 100.0, "percent_covered_display": "100", "missing_lines": 0, "excluded_lines": 0, "percent_statements_covered": 100.0, "percent_statements_covered_display": "100", "num_branches": 0, "num_partial_branches": 0, "covered_branches": 0, "missing_branches": 0, "percent_branches_covered": 100.0, "percent_branches_covered_display": "100"}, "missing_lines": [], "excluded_lines": [], "start_line": 117, "executed_branches": [], "missing_branches": []}, "": {"executed_lines": [9, 11, 13, 20, 38, 70], "summary": {"covered_lines": 6, "num_statements": 6, "percent_covered": 100.0, "percent_covered_display": "100", "missing_lines": 0, "excluded_lines": 0, "percent_statements_covered": 100.0, "percent_statements_covered_display": "100", "num_branches": 0, "num_partial_branches": 0, "covered_branches": 0, "missing_branches": 0, "percent_branches_covered": 100.0, "percent_branches_covered_display": "100"}, "missing_lines": [], "excluded_lines": [], "start_line": 1, "executed_branches": [], "missing_branches": []}}, "classes": {"": {"executed_lines": [9, 11, 13, 20, 38, 46, 47, 48, 53, 54, 55, 56, 58, 59, 60, 62, 63, 64, 65, 66, 67, 70, 78, 80, 86, 94, 109, 117, 118, 119, 120, 121, 122, 123, 125, 133, 135, 137, 139, 142, 143, 145], "summary": {"covered_lines": 42, "num_statements": 58, "percent_covered": 74.28571428571429, "percent_covered_display": "74", "missing_lines": 16, "excluded_lines": 0, "percent_statements_covered": 72.41379310344827, "percent_statements_covered_display": "72", "num_branches": 12, "num_partial_branches": 0, "covered_branches": 10, "missing_branches": 2, "percent_branches_covered": 83.33333333333333, "percent_branches_covered_display": "83"}, "missing_lines": [28, 30, 32, 34, 35, 81, 82, 83, 95, 96, 101, 102, 104, 105, 106, 107], "excluded_lines": [], "start_line": 1, "executed_branches": [[48, 53], [48, 67], [55, 56], [55, 65], [63, 64], [63, 65], [65, 48], [65, 66], [142, 143], [142, 145]], "missing_branches": [[101, 102], [101, 104]]}}}, "scriba/animation/_script_builder.py": {"executed_lines": [11, 13, 14, 16, 27, 29, 32, 34, 49, 51, 52, 349, 361, 366, 367, 369, 370, 371, 373, 375], "summary": {"covered_lines": 20, "num_statements": 20, "percent_covered": 100.0, "percent_covered_display": "100", "missing_lines": 0, "excluded_lines": 0, "percent_statements_covered": 100.0, "percent_statements_covered_display": "100", "num_branches": 2, "num_partial_branches": 0, "covered_branches": 2, "missing_branches": 0, "percent_branches_covered": 100.0, "percent_branches_covered_display": "100"}, "missing_lines": [], "excluded_lines": [], "executed_branches": [[370, 371], [370, 373]], "missing_branches": [], "functions": {"_escape": {"executed_lines": [29], "summary": {"covered_lines": 1, "num_statements": 1, "percent_covered": 100.0, "percent_covered_display": "100", "missing_lines": 0, "excluded_lines": 0, "percent_statements_covered": 100.0, "percent_statements_covered_display": "100", "num_branches": 0, "num_partial_branches": 0, "covered_branches": 0, "missing_branches": 0, "percent_branches_covered": 100.0, "percent_branches_covered_display": "100"}, "missing_lines": [], "excluded_lines": [], "start_line": 27, "executed_branches": [], "missing_branches": []}, "_escape_js": {"executed_lines": [34], "summary": {"covered_lines": 1, "num_statements": 1, "percent_covered": 100.0, "percent_covered_display": "100", "missing_lines": 0, "excluded_lines": 0, "percent_statements_covered": 100.0, "percent_statements_covered_display": "100", "num_branches": 0, "num_partial_branches": 0, "covered_branches": 0, "missing_branches": 0, "percent_branches_covered": 100.0, "percent_branches_covered_display": "100"}, "missing_lines": [], "excluded_lines": [], "start_line": 32, "executed_branches": [], "missing_branches": []}, "_build_inline_script": {"executed_lines": [51, 52], "summary": {"covered_lines": 2, "num_statements": 2, "percent_covered": 100.0, "percent_covered_display": "100", "missing_lines": 0, "excluded_lines": 0, "percent_statements_covered": 100.0, "percent_statements_covered_display": "100", "num_branches": 0, "num_partial_branches": 0, "covered_branches": 0, "missing_branches": 0, "percent_branches_covered": 100.0, "percent_branches_covered_display": "100"}, "missing_lines": [], "excluded_lines": [], "start_line": 49, "executed_branches": [], "missing_branches": []}, "_build_external_script": {"executed_lines": [361, 366, 367, 369, 370, 371, 373, 375], "summary": {"covered_lines": 8, "num_statements": 8, "percent_covered": 100.0, "percent_covered_display": "100", "missing_lines": 0, "excluded_lines": 0, "percent_statements_covered": 100.0, "percent_statements_covered_display": "100", "num_branches": 2, "num_partial_branches": 0, "covered_branches": 2, "missing_branches": 0, "percent_branches_covered": 100.0, "percent_branches_covered_display": "100"}, "missing_lines": [], "excluded_lines": [], "start_line": 349, "executed_branches": [[370, 371], [370, 373]], "missing_branches": []}, "": {"executed_lines": [11, 13, 14, 16, 27, 32, 49, 349], "summary": {"covered_lines": 8, "num_statements": 8, "percent_covered": 100.0, "percent_covered_display": "100", "missing_lines": 0, "excluded_lines": 0, "percent_statements_covered": 100.0, "percent_statements_covered_display": "100", "num_branches": 0, "num_partial_branches": 0, "covered_branches": 0, "missing_branches": 0, "percent_branches_covered": 100.0, "percent_branches_covered_display": "100"}, "missing_lines": [], "excluded_lines": [], "start_line": 1, "executed_branches": [], "missing_branches": []}}, "classes": {"": {"executed_lines": [11, 13, 14, 16, 27, 29, 32, 34, 49, 51, 52, 349, 361, 366, 367, 369, 370, 371, 373, 375], "summary": {"covered_lines": 20, "num_statements": 20, "percent_covered": 100.0, "percent_covered_display": "100", "missing_lines": 0, "excluded_lines": 0, "percent_statements_covered": 100.0, "percent_statements_covered_display": "100", "num_branches": 2, "num_partial_branches": 0, "covered_branches": 2, "missing_branches": 0, "percent_branches_covered": 100.0, "percent_branches_covered_display": "100"}, "missing_lines": [], "excluded_lines": [], "start_line": 1, "executed_branches": [[370, 371], [370, 373]], "missing_branches": []}}}, "scriba/animation/constants.py": {"executed_lines": [15, 27, 35, 40, 45, 50, 54, 56, 72, 114], "summary": {"covered_lines": 10, "num_statements": 10, "percent_covered": 100.0, "percent_covered_display": "100", "missing_lines": 0, "excluded_lines": 0, "percent_statements_covered": 100.0, "percent_statements_covered_display": "100", "num_branches": 0, "num_partial_branches": 0, "covered_branches": 0, "missing_branches": 0, "percent_branches_covered": 100.0, "percent_branches_covered_display": "100"}, "missing_lines": [], "excluded_lines": [], "executed_branches": [], "missing_branches": [], "functions": {"": {"executed_lines": [15, 27, 35, 40, 45, 50, 54, 56, 72, 114], "summary": {"covered_lines": 10, "num_statements": 10, "percent_covered": 100.0, "percent_covered_display": "100", "missing_lines": 0, "excluded_lines": 0, "percent_statements_covered": 100.0, "percent_statements_covered_display": "100", "num_branches": 0, "num_partial_branches": 0, "covered_branches": 0, "missing_branches": 0, "percent_branches_covered": 100.0, "percent_branches_covered_display": "100"}, "missing_lines": [], "excluded_lines": [], "start_line": 1, "executed_branches": [], "missing_branches": []}}, "classes": {"": {"executed_lines": [15, 27, 35, 40, 45, 50, 54, 56, 72, 114], "summary": {"covered_lines": 10, "num_statements": 10, "percent_covered": 100.0, "percent_covered_display": "100", "missing_lines": 0, "excluded_lines": 0, "percent_statements_covered": 100.0, "percent_statements_covered_display": "100", "num_branches": 0, "num_partial_branches": 0, "covered_branches": 0, "missing_branches": 0, "percent_branches_covered": 100.0, "percent_branches_covered_display": "100"}, "missing_lines": [], "excluded_lines": [], "start_line": 1, "executed_branches": [], "missing_branches": []}}}, "scriba/animation/detector.py": {"executed_lines": [13, 15, 17, 22, 24, 27, 33, 37, 42, 44, 45, 46, 47, 48, 51, 53, 54, 56, 59, 73, 75, 76, 77, 80, 81, 83, 84, 85, 86, 87, 88, 90, 91, 92, 93, 94, 95, 96, 97, 101, 108, 109, 110, 113, 122, 123, 125, 126, 128, 135, 139, 144, 146, 147, 148, 149, 151, 152, 154, 155, 156, 157, 158, 159, 161, 162, 163, 164, 165, 166, 168, 169, 170, 179, 180, 182], "summary": {"covered_lines": 76, "num_statements": 77, "percent_covered": 96.3963963963964, "percent_covered_display": "96", "missing_lines": 1, "excluded_lines": 0, "percent_statements_covered": 98.7012987012987, "percent_statements_covered_display": "99", "num_branches": 34, "num_partial_branches": 3, "covered_branches": 31, "missing_branches": 3, "percent_branches_covered": 91.17647058823529, "percent_branches_covered_display": "91"}, "missing_lines": [167], "excluded_lines": [], "executed_branches": [[45, 46], [45, 48], [46, 45], [46, 47], [53, 54], [53, 56], [84, 85], [84, 86], [86, 87], [86, 88], [90, 91], [90, 125], [91, 92], [91, 96], [92, 93], [92, 94], [96, 97], [97, 101], [97, 108], [125, 126], [125, 128], [155, 156], [155, 157], [157, 158], [157, 159], [161, 162], [161, 182], [162, 163], [162, 165], [165, 166], [166, 168]], "missing_branches": [[96, 90], [165, 161], [166, 167]], "functions": {"_mask_lstlisting": {"executed_lines": [44, 45, 46, 47, 48], "summary": {"covered_lines": 5, "num_statements": 5, "percent_covered": 100.0, "percent_covered_display": "100", "missing_lines": 0, "excluded_lines": 0, "percent_statements_covered": 100.0, "percent_statements_covered_display": "100", "num_branches": 4, "num_partial_branches": 0, "covered_branches": 4, "missing_branches": 0, "percent_branches_covered": 100.0, "percent_branches_covered_display": "100"}, "missing_lines": [], "excluded_lines": [], "start_line": 42, "executed_branches": [[45, 46], [45, 48], [46, 45], [46, 47]], "missing_branches": []}, "_parse_options_raw": {"executed_lines": [53, 54, 56], "summary": {"covered_lines": 3, "num_statements": 3, "percent_covered": 100.0, "percent_covered_display": "100", "missing_lines": 0, "excluded_lines": 0, "percent_statements_covered": 100.0, "percent_statements_covered_display": "100", "num_branches": 2, "num_partial_branches": 0, "covered_branches": 2, "missing_branches": 0, "percent_branches_covered": 100.0, "percent_branches_covered_display": "100"}, "missing_lines": [], "excluded_lines": [], "start_line": 51, "executed_branches": [[53, 54], [53, 56]], "missing_branches": []}, "detect_animation_blocks": {"executed_lines": [73, 75, 76, 77, 80, 81, 83, 84, 85, 86, 87, 88, 90, 91, 92, 93, 94, 95, 96, 97, 101, 108, 109, 110, 113, 122, 123, 125, 126, 128], "summary": {"covered_lines": 30, "num_statements": 30, "percent_covered": 97.82608695652173, "percent_covered_display": "98", "missing_lines": 0, "excluded_lines": 0, "percent_statements_covered": 100.0, "percent_statements_covered_display": "100", "num_branches": 16, "num_partial_branches": 1, "covered_branches": 15, "missing_branches": 1, "percent_branches_covered": 93.75, "percent_branches_covered_display": "94"}, "missing_lines": [], "excluded_lines": [], "start_line": 59, "executed_branches": [[84, 85], [84, 86], [86, 87], [86, 88], [90, 91], [90, 125], [91, 92], [91, 96], [92, 93], [92, 94], [96, 97], [97, 101], [97, 108], [125, 126], [125, 128]], "missing_branches": [[96, 90]]}, "detect_diagram_blocks": {"executed_lines": [146, 147, 148, 149, 151, 152, 154, 155, 156, 157, 158, 159, 161, 162, 163, 164, 165, 166, 168, 169, 170, 179, 180, 182], "summary": {"covered_lines": 24, "num_statements": 25, "percent_covered": 91.89189189189189, "percent_covered_display": "92", "missing_lines": 1, "excluded_lines": 0, "percent_statements_covered": 96.0, "percent_statements_covered_display": "96", "num_branches": 12, "num_partial_branches": 2, "covered_branches": 10, "missing_branches": 2, "percent_branches_covered": 83.33333333333333, "percent_branches_covered_display": "83"}, "missing_lines": [167], "excluded_lines": [], "start_line": 144, "executed_branches": [[155, 156], [155, 157], [157, 158], [157, 159], [161, 162], [161, 182], [162, 163], [162, 165], [165, 166], [166, 168]], "missing_branches": [[165, 161], [166, 167]]}, "": {"executed_lines": [13, 15, 17, 22, 24, 27, 33, 37, 42, 51, 59, 135, 139, 144], "summary": {"covered_lines": 14, "num_statements": 14, "percent_covered": 100.0, "percent_covered_display": "100", "missing_lines": 0, "excluded_lines": 0, "percent_statements_covered": 100.0, "percent_statements_covered_display": "100", "num_branches": 0, "num_partial_branches": 0, "covered_branches": 0, "missing_branches": 0, "percent_branches_covered": 100.0, "percent_branches_covered_display": "100"}, "missing_lines": [], "excluded_lines": [], "start_line": 1, "executed_branches": [], "missing_branches": []}}, "classes": {"": {"executed_lines": [13, 15, 17, 22, 24, 27, 33, 37, 42, 44, 45, 46, 47, 48, 51, 53, 54, 56, 59, 73, 75, 76, 77, 80, 81, 83, 84, 85, 86, 87, 88, 90, 91, 92, 93, 94, 95, 96, 97, 101, 108, 109, 110, 113, 122, 123, 125, 126, 128, 135, 139, 144, 146, 147, 148, 149, 151, 152, 154, 155, 156, 157, 158, 159, 161, 162, 163, 164, 165, 166, 168, 169, 170, 179, 180, 182], "summary": {"covered_lines": 76, "num_statements": 77, "percent_covered": 96.3963963963964, "percent_covered_display": "96", "missing_lines": 1, "excluded_lines": 0, "percent_statements_covered": 98.7012987012987, "percent_statements_covered_display": "99", "num_branches": 34, "num_partial_branches": 3, "covered_branches": 31, "missing_branches": 3, "percent_branches_covered": 91.17647058823529, "percent_branches_covered_display": "91"}, "missing_lines": [167], "excluded_lines": [], "start_line": 1, "executed_branches": [[45, 46], [45, 48], [46, 45], [46, 47], [53, 54], [53, 56], [84, 85], [84, 86], [86, 87], [86, 88], [90, 91], [90, 125], [91, 92], [91, 96], [92, 93], [92, 94], [96, 97], [97, 101], [97, 108], [125, 126], [125, 128], [155, 156], [155, 157], [157, 158], [157, 159], [161, 162], [161, 182], [162, 163], [162, 165], [165, 166], [166, 168]], "missing_branches": [[96, 90], [165, 161], [166, 167]]}}}, "scriba/animation/differ.py": {"executed_lines": [3, 5, 6, 11, 17, 20, 21, 24, 25, 26, 27, 28, 34, 35, 38, 39, 41, 43, 54, 59, 60, 62, 63, 64, 65, 67, 68, 69, 71, 76, 77, 78, 79, 90, 91, 92, 102, 103, 104, 113, 123, 125, 130, 131, 132, 133, 143, 144, 145, 154, 164, 168, 169, 170, 171, 181, 182, 183, 184, 194, 195, 196, 197, 198, 208, 219, 220, 221, 222, 223, 238, 241, 243, 246, 251, 252, 253, 255, 256, 257, 259, 260, 262, 263, 264, 265, 267, 268, 277, 278, 287, 288, 289, 290, 291, 301, 309, 326, 328, 331, 335, 336], "summary": {"covered_lines": 102, "num_statements": 105, "percent_covered": 94.03973509933775, "percent_covered_display": "94", "missing_lines": 3, "excluded_lines": 2, "percent_statements_covered": 97.14285714285714, "percent_statements_covered_display": "97", "num_branches": 46, "num_partial_branches": 6, "covered_branches": 40, "missing_branches": 6, "percent_branches_covered": 86.95652173913044, "percent_branches_covered_display": "87"}, "missing_lines": [114, 155, 228], "excluded_lines": [8, 9], "executed_branches": [[62, 63], [62, 238], [67, 62], [67, 68], [71, 76], [71, 125], [78, 79], [78, 90], [91, 92], [91, 102], [103, 104], [103, 113], [113, 123], [125, 130], [125, 168], [132, 133], [132, 143], [144, 145], [154, 164], [170, 171], [170, 181], [183, 184], [183, 194], [196, 197], [196, 219], [197, 198], [197, 208], [223, 67], [252, 253], [252, 255], [256, 257], [256, 259], [262, 263], [262, 301], [267, 268], [267, 277], [277, 278], [277, 287], [287, 288], [290, 291]], "missing_branches": [[113, 114], [144, 154], [154, 155], [223, 228], [287, 262], [290, 262]], "functions": {"TransitionManifest.to_compact": {"executed_lines": [43], "summary": {"covered_lines": 1, "num_statements": 1, "percent_covered": 100.0, "percent_covered_display": "100", "missing_lines": 0, "excluded_lines": 0, "percent_statements_covered": 100.0, "percent_statements_covered_display": "100", "num_branches": 0, "num_partial_branches": 0, "covered_branches": 0, "missing_branches": 0, "percent_branches_covered": 100.0, "percent_branches_covered_display": "100"}, "missing_lines": [], "excluded_lines": [], "start_line": 41, "executed_branches": [], "missing_branches": []}, "_diff_shape_states": {"executed_lines": [59, 60, 62, 63, 64, 65, 67, 68, 69, 71, 76, 77, 78, 79, 90, 91, 92, 102, 103, 104, 113, 123, 125, 130, 131, 132, 133, 143, 144, 145, 154, 164, 168, 169, 170, 171, 181, 182, 183, 184, 194, 195, 196, 197, 198, 208, 219, 220, 221, 222, 223, 238], "summary": {"covered_lines": 52, "num_statements": 55, "percent_covered": 91.95402298850574, "percent_covered_display": "92", "missing_lines": 3, "excluded_lines": 0, "percent_statements_covered": 94.54545454545455, "percent_statements_covered_display": "95", "num_branches": 32, "num_partial_branches": 4, "covered_branches": 28, "missing_branches": 4, "percent_branches_covered": 87.5, "percent_branches_covered_display": "88"}, "missing_lines": [114, 155, 228], "excluded_lines": [], "start_line": 54, "executed_branches": [[62, 63], [62, 238], [67, 62], [67, 68], [71, 76], [71, 125], [78, 79], [78, 90], [91, 92], [91, 102], [103, 104], [103, 113], [113, 123], [125, 130], [125, 168], [132, 133], [132, 143], [144, 145], [154, 164], [170, 171], [170, 181], [183, 184], [183, 194], [196, 197], [196, 219], [197, 198], [197, 208], [223, 67]], "missing_branches": [[113, 114], [144, 154], [154, 155], [223, 228]]}, "_annotation_key": {"executed_lines": [243], "summary": {"covered_lines": 1, "num_statements": 1, "percent_covered": 100.0, "percent_covered_display": "100", "missing_lines": 0, "excluded_lines": 0, "percent_statements_covered": 100.0, "percent_statements_covered_display": "100", "num_branches": 0, "num_partial_branches": 0, "covered_branches": 0, "missing_branches": 0, "percent_branches_covered": 100.0, "percent_branches_covered_display": "100"}, "missing_lines": [], "excluded_lines": [], "start_line": 241, "executed_branches": [], "missing_branches": []}, "_diff_annotations": {"executed_lines": [251, 252, 253, 255, 256, 257, 259, 260, 262, 263, 264, 265, 267, 268, 277, 278, 287, 288, 289, 290, 291, 301], "summary": {"covered_lines": 22, "num_statements": 22, "percent_covered": 94.44444444444444, "percent_covered_display": "94", "missing_lines": 0, "excluded_lines": 0, "percent_statements_covered": 100.0, "percent_statements_covered_display": "100", "num_branches": 14, "num_partial_branches": 2, "covered_branches": 12, "missing_branches": 2, "percent_branches_covered": 85.71428571428571, "percent_branches_covered_display": "86"}, "missing_lines": [], "excluded_lines": [], "start_line": 246, "executed_branches": [[252, 253], [252, 255], [256, 257], [256, 259], [262, 263], [262, 301], [267, 268], [267, 277], [277, 278], [277, 287], [287, 288], [290, 291]], "missing_branches": [[287, 262], [290, 262]]}, "compute_transitions": {"executed_lines": [326, 328, 331, 335, 336], "summary": {"covered_lines": 5, "num_statements": 5, "percent_covered": 100.0, "percent_covered_display": "100", "missing_lines": 0, "excluded_lines": 0, "percent_statements_covered": 100.0, "percent_statements_covered_display": "100", "num_branches": 0, "num_partial_branches": 0, "covered_branches": 0, "missing_branches": 0, "percent_branches_covered": 100.0, "percent_branches_covered_display": "100"}, "missing_lines": [], "excluded_lines": [], "start_line": 309, "executed_branches": [], "missing_branches": []}, "": {"executed_lines": [3, 5, 6, 11, 17, 20, 21, 24, 25, 26, 27, 28, 34, 35, 38, 39, 41, 54, 241, 246, 309], "summary": {"covered_lines": 21, "num_statements": 21, "percent_covered": 100.0, "percent_covered_display": "100", "missing_lines": 0, "excluded_lines": 2, "percent_statements_covered": 100.0, "percent_statements_covered_display": "100", "num_branches": 0, "num_partial_branches": 0, "covered_branches": 0, "missing_branches": 0, "percent_branches_covered": 100.0, "percent_branches_covered_display": "100"}, "missing_lines": [], "excluded_lines": [8, 9], "start_line": 1, "executed_branches": [], "missing_branches": []}}, "classes": {"Transition": {"executed_lines": [], "summary": {"covered_lines": 0, "num_statements": 0, "percent_covered": 100.0, "percent_covered_display": "100", "missing_lines": 0, "excluded_lines": 0, "percent_statements_covered": 100.0, "percent_statements_covered_display": "100", "num_branches": 0, "num_partial_branches": 0, "covered_branches": 0, "missing_branches": 0, "percent_branches_covered": 100.0, "percent_branches_covered_display": "100"}, "missing_lines": [], "excluded_lines": [], "start_line": 21, "executed_branches": [], "missing_branches": []}, "TransitionManifest": {"executed_lines": [43], "summary": {"covered_lines": 1, "num_statements": 1, "percent_covered": 100.0, "percent_covered_display": "100", "missing_lines": 0, "excluded_lines": 0, "percent_statements_covered": 100.0, "percent_statements_covered_display": "100", "num_branches": 0, "num_partial_branches": 0, "covered_branches": 0, "missing_branches": 0, "percent_branches_covered": 100.0, "percent_branches_covered_display": "100"}, "missing_lines": [], "excluded_lines": [], "start_line": 35, "executed_branches": [], "missing_branches": []}, "": {"executed_lines": [3, 5, 6, 11, 17, 20, 21, 24, 25, 26, 27, 28, 34, 35, 38, 39, 41, 54, 59, 60, 62, 63, 64, 65, 67, 68, 69, 71, 76, 77, 78, 79, 90, 91, 92, 102, 103, 104, 113, 123, 125, 130, 131, 132, 133, 143, 144, 145, 154, 164, 168, 169, 170, 171, 181, 182, 183, 184, 194, 195, 196, 197, 198, 208, 219, 220, 221, 222, 223, 238, 241, 243, 246, 251, 252, 253, 255, 256, 257, 259, 260, 262, 263, 264, 265, 267, 268, 277, 278, 287, 288, 289, 290, 291, 301, 309, 326, 328, 331, 335, 336], "summary": {"covered_lines": 101, "num_statements": 104, "percent_covered": 94.0, "percent_covered_display": "94", "missing_lines": 3, "excluded_lines": 2, "percent_statements_covered": 97.11538461538461, "percent_statements_covered_display": "97", "num_branches": 46, "num_partial_branches": 6, "covered_branches": 40, "missing_branches": 6, "percent_branches_covered": 86.95652173913044, "percent_branches_covered_display": "87"}, "missing_lines": [114, 155, 228], "excluded_lines": [8, 9], "start_line": 1, "executed_branches": [[62, 63], [62, 238], [67, 62], [67, 68], [71, 76], [71, 125], [78, 79], [78, 90], [91, 92], [91, 102], [103, 104], [103, 113], [113, 123], [125, 130], [125, 168], [132, 133], [132, 143], [144, 145], [154, 164], [170, 171], [170, 181], [183, 184], [183, 194], [196, 197], [196, 219], [197, 198], [197, 208], [223, 67], [252, 253], [252, 255], [256, 257], [256, 259], [262, 263], [262, 301], [267, 268], [267, 277], [277, 278], [277, 287], [287, 288], [290, 291]], "missing_branches": [[113, 114], [144, 154], [154, 155], [223, 228], [287, 262], [290, 262]]}}}, "scriba/animation/emitter.py": {"executed_lines": [14, 16, 17, 18, 19, 20, 22, 23, 33, 34, 43, 44, 45, 46, 47, 49, 69, 76, 77, 85, 86, 89, 90, 91, 92, 93, 96, 97, 100, 101, 102, 103, 104, 105, 106, 114, 120, 121, 122, 130, 138, 139, 140, 143, 151, 152, 153, 156, 165, 166, 167, 168, 169, 170, 171, 172, 173, 179, 187, 195, 196, 197], "summary": {"covered_lines": 62, "num_statements": 75, "percent_covered": 77.31958762886597, "percent_covered_display": "77", "missing_lines": 13, "excluded_lines": 0, "percent_statements_covered": 82.66666666666667, "percent_statements_covered_display": "83", "num_branches": 22, "num_partial_branches": 1, "covered_branches": 13, "missing_branches": 9, "percent_branches_covered": 59.09090909090909, "percent_branches_covered_display": "59"}, "missing_lines": [198, 199, 200, 201, 202, 203, 204, 205, 206, 207, 210, 212, 213], "excluded_lines": [], "executed_branches": [[138, 139], [138, 140], [151, 152], [151, 153], [166, -156], [166, 167], [168, 169], [168, 170], [171, 172], [171, 179], [195, -187], [195, 196], [196, 197]], "missing_branches": [[196, 198], [199, 200], [199, 201], [202, 203], [202, 205], [205, 195], [205, 206], [207, 210], [207, 212]], "functions": {"scene_id_from_source": {"executed_lines": [120, 121, 122], "summary": {"covered_lines": 3, "num_statements": 3, "percent_covered": 100.0, "percent_covered_display": "100", "missing_lines": 0, "excluded_lines": 0, "percent_statements_covered": 100.0, "percent_statements_covered_display": "100", "num_branches": 0, "num_partial_branches": 0, "covered_branches": 0, "missing_branches": 0, "percent_branches_covered": 100.0, "percent_branches_covered_display": "100"}, "missing_lines": [], "excluded_lines": [], "start_line": 114, "executed_branches": [], "missing_branches": []}, "_is_id_safe_label": {"executed_lines": [138, 139, 140], "summary": {"covered_lines": 3, "num_statements": 3, "percent_covered": 100.0, "percent_covered_display": "100", "missing_lines": 0, "excluded_lines": 0, "percent_statements_covered": 100.0, "percent_statements_covered_display": "100", "num_branches": 2, "num_partial_branches": 0, "covered_branches": 2, "missing_branches": 0, "percent_branches_covered": 100.0, "percent_branches_covered_display": "100"}, "missing_lines": [], "excluded_lines": [], "start_line": 130, "executed_branches": [[138, 139], [138, 140]], "missing_branches": []}, "_frame_id": {"executed_lines": [151, 152, 153], "summary": {"covered_lines": 3, "num_statements": 3, "percent_covered": 100.0, "percent_covered_display": "100", "missing_lines": 0, "excluded_lines": 0, "percent_statements_covered": 100.0, "percent_statements_covered_display": "100", "num_branches": 2, "num_partial_branches": 0, "covered_branches": 2, "missing_branches": 0, "percent_branches_covered": 100.0, "percent_branches_covered_display": "100"}, "missing_lines": [], "excluded_lines": [], "start_line": 143, "executed_branches": [[151, 152], [151, 153]], "missing_branches": []}, "validate_frame_labels_unique": {"executed_lines": [165, 166, 167, 168, 169, 170, 171, 172, 173, 179], "summary": {"covered_lines": 10, "num_statements": 10, "percent_covered": 100.0, "percent_covered_display": "100", "missing_lines": 0, "excluded_lines": 0, "percent_statements_covered": 100.0, "percent_statements_covered_display": "100", "num_branches": 6, "num_partial_branches": 0, "covered_branches": 6, "missing_branches": 0, "percent_branches_covered": 100.0, "percent_branches_covered_display": "100"}, "missing_lines": [], "excluded_lines": [], "start_line": 156, "executed_branches": [[166, -156], [166, 167], [168, 169], [168, 170], [171, 172], [171, 179]], "missing_branches": []}, "_inject_tree_positions": {"executed_lines": [195, 196, 197], "summary": {"covered_lines": 3, "num_statements": 16, "percent_covered": 21.428571428571427, "percent_covered_display": "21", "missing_lines": 13, "excluded_lines": 0, "percent_statements_covered": 18.75, "percent_statements_covered_display": "19", "num_branches": 12, "num_partial_branches": 1, "covered_branches": 3, "missing_branches": 9, "percent_branches_covered": 25.0, "percent_branches_covered_display": "25"}, "missing_lines": [198, 199, 200, 201, 202, 203, 204, 205, 206, 207, 210, 212, 213], "excluded_lines": [], "start_line": 187, "executed_branches": [[195, -187], [195, 196], [196, 197]], "missing_branches": [[196, 198], [199, 200], [199, 201], [202, 203], [202, 205], [205, 195], [205, 206], [207, 210], [207, 212]]}, "": {"executed_lines": [14, 16, 17, 18, 19, 20, 22, 23, 33, 34, 43, 44, 45, 46, 47, 49, 69, 76, 77, 85, 86, 89, 90, 91, 92, 93, 96, 97, 100, 101, 102, 103, 104, 105, 106, 114, 130, 143, 156, 187], "summary": {"covered_lines": 40, "num_statements": 40, "percent_covered": 100.0, "percent_covered_display": "100", "missing_lines": 0, "excluded_lines": 0, "percent_statements_covered": 100.0, "percent_statements_covered_display": "100", "num_branches": 0, "num_partial_branches": 0, "covered_branches": 0, "missing_branches": 0, "percent_branches_covered": 100.0, "percent_branches_covered_display": "100"}, "missing_lines": [], "excluded_lines": [], "start_line": 1, "executed_branches": [], "missing_branches": []}}, "classes": {"SubstoryData": {"executed_lines": [], "summary": {"covered_lines": 0, "num_statements": 0, "percent_covered": 100.0, "percent_covered_display": "100", "missing_lines": 0, "excluded_lines": 0, "percent_statements_covered": 100.0, "percent_statements_covered_display": "100", "num_branches": 0, "num_partial_branches": 0, "covered_branches": 0, "missing_branches": 0, "percent_branches_covered": 100.0, "percent_branches_covered_display": "100"}, "missing_lines": [], "excluded_lines": [], "start_line": 86, "executed_branches": [], "missing_branches": []}, "FrameData": {"executed_lines": [], "summary": {"covered_lines": 0, "num_statements": 0, "percent_covered": 100.0, "percent_covered_display": "100", "missing_lines": 0, "excluded_lines": 0, "percent_statements_covered": 100.0, "percent_statements_covered_display": "100", "num_branches": 0, "num_partial_branches": 0, "covered_branches": 0, "missing_branches": 0, "percent_branches_covered": 100.0, "percent_branches_covered_display": "100"}, "missing_lines": [], "excluded_lines": [], "start_line": 97, "executed_branches": [], "missing_branches": []}, "": {"executed_lines": [14, 16, 17, 18, 19, 20, 22, 23, 33, 34, 43, 44, 45, 46, 47, 49, 69, 76, 77, 85, 86, 89, 90, 91, 92, 93, 96, 97, 100, 101, 102, 103, 104, 105, 106, 114, 120, 121, 122, 130, 138, 139, 140, 143, 151, 152, 153, 156, 165, 166, 167, 168, 169, 170, 171, 172, 173, 179, 187, 195, 196, 197], "summary": {"covered_lines": 62, "num_statements": 75, "percent_covered": 77.31958762886597, "percent_covered_display": "77", "missing_lines": 13, "excluded_lines": 0, "percent_statements_covered": 82.66666666666667, "percent_statements_covered_display": "83", "num_branches": 22, "num_partial_branches": 1, "covered_branches": 13, "missing_branches": 9, "percent_branches_covered": 59.09090909090909, "percent_branches_covered_display": "59"}, "missing_lines": [198, 199, 200, 201, 202, 203, 204, 205, 206, 207, 210, 212, 213], "excluded_lines": [], "start_line": 1, "executed_branches": [[138, 139], [138, 140], [151, 152], [151, 153], [166, -156], [166, 167], [168, 169], [168, 170], [171, 172], [171, 179], [195, -187], [195, 196], [196, 197]], "missing_branches": [[196, 198], [199, 200], [199, 201], [202, 203], [202, 205], [205, 195], [205, 206], [207, 210], [207, 212]]}}}, "scriba/animation/errors.py": {"executed_lines": [27, 29, 31, 33, 59, 81, 83, 84, 92, 105, 429, 432, 434, 435, 442, 445, 447, 448, 463, 466, 503, 518, 521, 529, 548, 551, 568, 571, 574, 576, 577, 589, 592, 594, 595, 607, 643, 644, 646, 647, 648, 649, 650, 652, 653, 654, 655, 656, 659, 660, 661, 662, 663, 665, 670, 671, 672, 673, 674, 675, 676, 679, 680, 681, 682, 683, 684, 685, 700], "summary": {"covered_lines": 69, "num_statements": 71, "percent_covered": 95.6043956043956, "percent_covered_display": "96", "missing_lines": 2, "excluded_lines": 0, "percent_statements_covered": 97.1830985915493, "percent_statements_covered_display": "97", "num_branches": 20, "num_partial_branches": 2, "covered_branches": 18, "missing_branches": 2, "percent_branches_covered": 90.0, "percent_branches_covered_display": "90"}, "missing_lines": [657, 686], "excluded_lines": [], "executed_branches": [[643, 644], [643, 646], [649, 650], [649, 670], [650, 652], [650, 654], [655, 656], [655, 661], [656, 659], [661, 662], [661, 665], [670, 671], [674, 675], [674, 685], [676, 679], [676, 681], [681, 682], [681, 684]], "missing_branches": [[656, 657], [670, 686]], "functions": {"_suggest_closest": {"executed_lines": [81, 83, 84], "summary": {"covered_lines": 3, "num_statements": 3, "percent_covered": 100.0, "percent_covered_display": "100", "missing_lines": 0, "excluded_lines": 0, "percent_statements_covered": 100.0, "percent_statements_covered_display": "100", "num_branches": 0, "num_partial_branches": 0, "covered_branches": 0, "missing_branches": 0, "percent_branches_covered": 100.0, "percent_branches_covered_display": "100"}, "missing_lines": [], "excluded_lines": [], "start_line": 59, "executed_branches": [], "missing_branches": []}, "UnclosedAnimationError.__init__": {"executed_lines": [435], "summary": {"covered_lines": 1, "num_statements": 1, "percent_covered": 100.0, "percent_covered_display": "100", "missing_lines": 0, "excluded_lines": 0, "percent_statements_covered": 100.0, "percent_statements_covered_display": "100", "num_branches": 0, "num_partial_branches": 0, "covered_branches": 0, "missing_branches": 0, "percent_branches_covered": 100.0, "percent_branches_covered_display": "100"}, "missing_lines": [], "excluded_lines": [], "start_line": 434, "executed_branches": [], "missing_branches": []}, "NestedAnimationError.__init__": {"executed_lines": [448], "summary": {"covered_lines": 1, "num_statements": 1, "percent_covered": 100.0, "percent_covered_display": "100", "missing_lines": 0, "excluded_lines": 0, "percent_statements_covered": 100.0, "percent_statements_covered_display": "100", "num_branches": 0, "num_partial_branches": 0, "covered_branches": 0, "missing_branches": 0, "percent_branches_covered": 100.0, "percent_branches_covered_display": "100"}, "missing_lines": [], "excluded_lines": [], "start_line": 447, "executed_branches": [], "missing_branches": []}, "_animation_error": {"executed_lines": [503], "summary": {"covered_lines": 1, "num_statements": 1, "percent_covered": 100.0, "percent_covered_display": "100", "missing_lines": 0, "excluded_lines": 0, "percent_statements_covered": 100.0, "percent_statements_covered_display": "100", "num_branches": 0, "num_partial_branches": 0, "covered_branches": 0, "missing_branches": 0, "percent_branches_covered": 100.0, "percent_branches_covered_display": "100"}, "missing_lines": [], "excluded_lines": [], "start_line": 466, "executed_branches": [], "missing_branches": []}, "FrameCountError.__init__": {"executed_lines": [577], "summary": {"covered_lines": 1, "num_statements": 1, "percent_covered": 100.0, "percent_covered_display": "100", "missing_lines": 0, "excluded_lines": 0, "percent_statements_covered": 100.0, "percent_statements_covered_display": "100", "num_branches": 0, "num_partial_branches": 0, "covered_branches": 0, "missing_branches": 0, "percent_branches_covered": 100.0, "percent_branches_covered_display": "100"}, "missing_lines": [], "excluded_lines": [], "start_line": 576, "executed_branches": [], "missing_branches": []}, "StarlarkEvalError.__init__": {"executed_lines": [595], "summary": {"covered_lines": 1, "num_statements": 1, "percent_covered": 100.0, "percent_covered_display": "100", "missing_lines": 0, "excluded_lines": 0, "percent_statements_covered": 100.0, "percent_statements_covered_display": "100", "num_branches": 0, "num_partial_branches": 0, "covered_branches": 0, "missing_branches": 0, "percent_branches_covered": 100.0, "percent_branches_covered_display": "100"}, "missing_lines": [], "excluded_lines": [], "start_line": 594, "executed_branches": [], "missing_branches": []}, "_format_compute_traceback": {"executed_lines": [643, 644, 646, 647, 648, 649, 650, 652, 653, 654, 655, 656, 659, 660, 661, 662, 663, 665, 670, 671, 672, 673, 674, 675, 676, 679, 680, 681, 682, 683, 684, 685], "summary": {"covered_lines": 32, "num_statements": 34, "percent_covered": 92.5925925925926, "percent_covered_display": "93", "missing_lines": 2, "excluded_lines": 0, "percent_statements_covered": 94.11764705882354, "percent_statements_covered_display": "94", "num_branches": 20, "num_partial_branches": 2, "covered_branches": 18, "missing_branches": 2, "percent_branches_covered": 90.0, "percent_branches_covered_display": "90"}, "missing_lines": [657, 686], "excluded_lines": [], "start_line": 607, "executed_branches": [[643, 644], [643, 646], [649, 650], [649, 670], [650, 652], [650, 654], [655, 656], [655, 661], [656, 659], [661, 662], [661, 665], [670, 671], [674, 675], [674, 685], [676, 679], [676, 681], [681, 682], [681, 684]], "missing_branches": [[656, 657], [670, 686]]}, "": {"executed_lines": [27, 29, 31, 33, 59, 92, 105, 429, 432, 434, 442, 445, 447, 463, 466, 518, 521, 529, 548, 551, 568, 571, 574, 576, 589, 592, 594, 607, 700], "summary": {"covered_lines": 29, "num_statements": 29, "percent_covered": 100.0, "percent_covered_display": "100", "missing_lines": 0, "excluded_lines": 0, "percent_statements_covered": 100.0, "percent_statements_covered_display": "100", "num_branches": 0, "num_partial_branches": 0, "covered_branches": 0, "missing_branches": 0, "percent_branches_covered": 100.0, "percent_branches_covered_display": "100"}, "missing_lines": [], "excluded_lines": [], "start_line": 1, "executed_branches": [], "missing_branches": []}}, "classes": {"AnimationError": {"executed_lines": [], "summary": {"covered_lines": 0, "num_statements": 0, "percent_covered": 100.0, "percent_covered_display": "100", "missing_lines": 0, "excluded_lines": 0, "percent_statements_covered": 100.0, "percent_statements_covered_display": "100", "num_branches": 0, "num_partial_branches": 0, "covered_branches": 0, "missing_branches": 0, "percent_branches_covered": 100.0, "percent_branches_covered_display": "100"}, "missing_lines": [], "excluded_lines": [], "start_line": 92, "executed_branches": [], "missing_branches": []}, "UnclosedAnimationError": {"executed_lines": [435], "summary": {"covered_lines": 1, "num_statements": 1, "percent_covered": 100.0, "percent_covered_display": "100", "missing_lines": 0, "excluded_lines": 0, "percent_statements_covered": 100.0, "percent_statements_covered_display": "100", "num_branches": 0, "num_partial_branches": 0, "covered_branches": 0, "missing_branches": 0, "percent_branches_covered": 100.0, "percent_branches_covered_display": "100"}, "missing_lines": [], "excluded_lines": [], "start_line": 429, "executed_branches": [], "missing_branches": []}, "NestedAnimationError": {"executed_lines": [448], "summary": {"covered_lines": 1, "num_statements": 1, "percent_covered": 100.0, "percent_covered_display": "100", "missing_lines": 0, "excluded_lines": 0, "percent_statements_covered": 100.0, "percent_statements_covered_display": "100", "num_branches": 0, "num_partial_branches": 0, "covered_branches": 0, "missing_branches": 0, "percent_branches_covered": 100.0, "percent_branches_covered_display": "100"}, "missing_lines": [], "excluded_lines": [], "start_line": 442, "executed_branches": [], "missing_branches": []}, "AnimationParseError": {"executed_lines": [], "summary": {"covered_lines": 0, "num_statements": 0, "percent_covered": 100.0, "percent_covered_display": "100", "missing_lines": 0, "excluded_lines": 0, "percent_statements_covered": 100.0, "percent_statements_covered_display": "100", "num_branches": 0, "num_partial_branches": 0, "covered_branches": 0, "missing_branches": 0, "percent_branches_covered": 100.0, "percent_branches_covered_display": "100"}, "missing_lines": [], "excluded_lines": [], "start_line": 518, "executed_branches": [], "missing_branches": []}, "EmptySubstoryWarning": {"executed_lines": [], "summary": {"covered_lines": 0, "num_statements": 0, "percent_covered": 100.0, "percent_covered_display": "100", "missing_lines": 0, "excluded_lines": 0, "percent_statements_covered": 100.0, "percent_statements_covered_display": "100", "num_branches": 0, "num_partial_branches": 0, "covered_branches": 0, "missing_branches": 0, "percent_branches_covered": 100.0, "percent_branches_covered_display": "100"}, "missing_lines": [], "excluded_lines": [], "start_line": 529, "executed_branches": [], "missing_branches": []}, "FrameCountWarning": {"executed_lines": [], "summary": {"covered_lines": 0, "num_statements": 0, "percent_covered": 100.0, "percent_covered_display": "100", "missing_lines": 0, "excluded_lines": 0, "percent_statements_covered": 100.0, "percent_statements_covered_display": "100", "num_branches": 0, "num_partial_branches": 0, "covered_branches": 0, "missing_branches": 0, "percent_branches_covered": 100.0, "percent_branches_covered_display": "100"}, "missing_lines": [], "excluded_lines": [], "start_line": 551, "executed_branches": [], "missing_branches": []}, "FrameCountError": {"executed_lines": [577], "summary": {"covered_lines": 1, "num_statements": 1, "percent_covered": 100.0, "percent_covered_display": "100", "missing_lines": 0, "excluded_lines": 0, "percent_statements_covered": 100.0, "percent_statements_covered_display": "100", "num_branches": 0, "num_partial_branches": 0, "covered_branches": 0, "missing_branches": 0, "percent_branches_covered": 100.0, "percent_branches_covered_display": "100"}, "missing_lines": [], "excluded_lines": [], "start_line": 571, "executed_branches": [], "missing_branches": []}, "StarlarkEvalError": {"executed_lines": [595], "summary": {"covered_lines": 1, "num_statements": 1, "percent_covered": 100.0, "percent_covered_display": "100", "missing_lines": 0, "excluded_lines": 0, "percent_statements_covered": 100.0, "percent_statements_covered_display": "100", "num_branches": 0, "num_partial_branches": 0, "covered_branches": 0, "missing_branches": 0, "percent_branches_covered": 100.0, "percent_branches_covered_display": "100"}, "missing_lines": [], "excluded_lines": [], "start_line": 589, "executed_branches": [], "missing_branches": []}, "": {"executed_lines": [27, 29, 31, 33, 59, 81, 83, 84, 92, 105, 429, 432, 434, 442, 445, 447, 463, 466, 503, 518, 521, 529, 548, 551, 568, 571, 574, 576, 589, 592, 594, 607, 643, 644, 646, 647, 648, 649, 650, 652, 653, 654, 655, 656, 659, 660, 661, 662, 663, 665, 670, 671, 672, 673, 674, 675, 676, 679, 680, 681, 682, 683, 684, 685, 700], "summary": {"covered_lines": 65, "num_statements": 67, "percent_covered": 95.40229885057471, "percent_covered_display": "95", "missing_lines": 2, "excluded_lines": 0, "percent_statements_covered": 97.01492537313433, "percent_statements_covered_display": "97", "num_branches": 20, "num_partial_branches": 2, "covered_branches": 18, "missing_branches": 2, "percent_branches_covered": 90.0, "percent_branches_covered_display": "90"}, "missing_lines": [657, 686], "excluded_lines": [], "start_line": 1, "executed_branches": [[643, 644], [643, 646], [649, 650], [649, 670], [650, 652], [650, 654], [655, 656], [655, 661], [656, 659], [661, 662], [661, 665], [670, 671], [674, 675], [674, 685], [676, 679], [676, 681], [681, 682], [681, 684]], "missing_branches": [[656, 657], [670, 686]]}}}, "scriba/animation/extensions/__init__.py": {"executed_lines": [11, 13, 14, 21], "summary": {"covered_lines": 4, "num_statements": 4, "percent_covered": 100.0, "percent_covered_display": "100", "missing_lines": 0, "excluded_lines": 0, "percent_statements_covered": 100.0, "percent_statements_covered_display": "100", "num_branches": 0, "num_partial_branches": 0, "covered_branches": 0, "missing_branches": 0, "percent_branches_covered": 100.0, "percent_branches_covered_display": "100"}, "missing_lines": [], "excluded_lines": [], "executed_branches": [], "missing_branches": [], "functions": {"": {"executed_lines": [11, 13, 14, 21], "summary": {"covered_lines": 4, "num_statements": 4, "percent_covered": 100.0, "percent_covered_display": "100", "missing_lines": 0, "excluded_lines": 0, "percent_statements_covered": 100.0, "percent_statements_covered_display": "100", "num_branches": 0, "num_partial_branches": 0, "covered_branches": 0, "missing_branches": 0, "percent_branches_covered": 100.0, "percent_branches_covered_display": "100"}, "missing_lines": [], "excluded_lines": [], "start_line": 1, "executed_branches": [], "missing_branches": []}}, "classes": {"": {"executed_lines": [11, 13, 14, 21], "summary": {"covered_lines": 4, "num_statements": 4, "percent_covered": 100.0, "percent_covered_display": "100", "missing_lines": 0, "excluded_lines": 0, "percent_statemen
[...]
_covered_display": "100", "missing_lines": 0, "excluded_lines": 0, "percent_statements_covered": 100.0, "percent_statements_covered_display": "100", "num_branches": 2, "num_partial_branches": 0, "covered_branches": 2, "missing_branches": 0, "percent_branches_covered": 100.0, "percent_branches_covered_display": "100"}, "missing_lines": [], "excluded_lines": [], "start_line": 302, "executed_branches": [[303, 304], [303, 308]], "missing_branches": []}, "TexRenderer.render_block": {"executed_lines": [311, 312, 313, 314, 315, 316, 317, 318, 319, 320], "summary": {"covered_lines": 10, "num_statements": 10, "percent_covered": 100.0, "percent_covered_display": "100", "missing_lines": 0, "excluded_lines": 0, "percent_statements_covered": 100.0, "percent_statements_covered_display": "100", "num_branches": 6, "num_partial_branches": 0, "covered_branches": 6, "missing_branches": 0, "percent_branches_covered": 100.0, "percent_branches_covered_display": "100"}, "missing_lines": [], "excluded_lines": [], "start_line": 310, "executed_branches": [[313, 314], [313, 315], [315, 316], [315, 317], [318, 319], [318, 320]], "missing_branches": []}, "TexRenderer.assets": {"executed_lines": [327, 328, 329, 330, 331, 332, 333, 334, 335, 336], "summary": {"covered_lines": 10, "num_statements": 10, "percent_covered": 100.0, "percent_covered_display": "100", "missing_lines": 0, "excluded_lines": 0, "percent_statements_covered": 100.0, "percent_statements_covered_display": "100", "num_branches": 6, "num_partial_branches": 0, "covered_branches": 6, "missing_branches": 0, "percent_branches_covered": 100.0, "percent_branches_covered_display": "100"}, "missing_lines": [], "excluded_lines": [], "start_line": 326, "executed_branches": [[329, 330], [329, 331], [331, 332], [331, 333], [334, 335], [334, 336]], "missing_branches": []}, "TexRenderer.validate": {"executed_lines": [341], "summary": {"covered_lines": 1, "num_statements": 1, "percent_covered": 100.0, "percent_covered_display": "100", "missing_lines": 0, "excluded_lines": 0, "percent_statements_covered": 100.0, "percent_statements_covered_display": "100", "num_branches": 0, "num_partial_branches": 0, "covered_branches": 0, "missing_branches": 0, "percent_branches_covered": 100.0, "percent_branches_covered_display": "100"}, "missing_lines": [], "excluded_lines": [], "start_line": 340, "executed_branches": [], "missing_branches": []}, "TexRenderer.close": {"executed_lines": [344], "summary": {"covered_lines": 1, "num_statements": 1, "percent_covered": 100.0, "percent_covered_display": "100", "missing_lines": 0, "excluded_lines": 0, "percent_statements_covered": 100.0, "percent_statements_covered_display": "100", "num_branches": 0, "num_partial_branches": 0, "covered_branches": 0, "missing_branches": 0, "percent_branches_covered": 100.0, "percent_branches_covered_display": "100"}, "missing_lines": [], "excluded_lines": [], "start_line": 343, "executed_branches": [], "missing_branches": []}, "TexRenderer.__enter__": {"executed_lines": [347], "summary": {"covered_lines": 1, "num_statements": 1, "percent_covered": 100.0, "percent_covered_display": "100", "missing_lines": 0, "excluded_lines": 0, "percent_statements_covered": 100.0, "percent_statements_covered_display": "100", "num_branches": 0, "num_partial_branches": 0, "covered_branches": 0, "missing_branches": 0, "percent_branches_covered": 100.0, "percent_branches_covered_display": "100"}, "missing_lines": [], "excluded_lines": [], "start_line": 346, "executed_branches": [], "missing_branches": []}, "TexRenderer.__exit__": {"executed_lines": [350], "summary": {"covered_lines": 1, "num_statements": 1, "percent_covered": 100.0, "percent_covered_display": "100", "missing_lines": 0, "excluded_lines": 0, "percent_statements_covered": 100.0, "percent_statements_covered_display": "100", "num_branches": 0, "num_partial_branches": 0, "covered_branches": 0, "missing_branches": 0, "percent_branches_covered": 100.0, "percent_branches_covered_display": "100"}, "missing_lines": [], "excluded_lines": [], "start_line": 349, "executed_branches": [], "missing_branches": []}, "TexRenderer.render_inline": {"executed_lines": [361], "summary": {"covered_lines": 1, "num_statements": 1, "percent_covered": 100.0, "percent_covered_display": "100", "missing_lines": 0, "excluded_lines": 0, "percent_statements_covered": 100.0, "percent_statements_covered_display": "100", "num_branches": 0, "num_partial_branches": 0, "covered_branches": 0, "missing_branches": 0, "percent_branches_covered": 100.0, "percent_branches_covered_display": "100"}, "missing_lines": [], "excluded_lines": [], "start_line": 354, "executed_branches": [], "missing_branches": []}, "TexRenderer.render_inline_text": {"executed_lines": [], "summary": {"covered_lines": 0, "num_statements": 1, "percent_covered": 0.0, "percent_covered_display": "0", "missing_lines": 1, "excluded_lines": 0, "percent_statements_covered": 0.0, "percent_statements_covered_display": "0", "num_branches": 0, "num_partial_branches": 0, "covered_branches": 0, "missing_branches": 0, "percent_branches_covered": 100.0, "percent_branches_covered_display": "100"}, "missing_lines": [372], "excluded_lines": [], "start_line": 363, "executed_branches": [], "missing_branches": []}, "TexRenderer._render_cell": {"executed_lines": [385, 386, 391, 392, 397, 399, 404, 410, 416, 417, 421, 424, 427, 437, 438, 441, 444, 445, 447, 448], "summary": {"covered_lines": 20, "num_statements": 20, "percent_covered": 100.0, "percent_covered_display": "100", "missing_lines": 0, "excluded_lines": 0, "percent_statements_covered": 100.0, "percent_statements_covered_display": "100", "num_branches": 4, "num_partial_branches": 0, "covered_branches": 4, "missing_branches": 0, "percent_branches_covered": 100.0, "percent_branches_covered_display": "100"}, "missing_lines": [], "excluded_lines": [], "start_line": 376, "executed_branches": [[385, 386], [385, 391], [444, 445], [444, 447]], "missing_branches": []}, "TexRenderer._render_cell._stash": {"executed_lines": [400, 401, 402], "summary": {"covered_lines": 3, "num_statements": 3, "percent_covered": 100.0, "percent_covered_display": "100", "missing_lines": 0, "excluded_lines": 0, "percent_statements_covered": 100.0, "percent_statements_covered_display": "100", "num_branches": 0, "num_partial_branches": 0, "covered_branches": 0, "missing_branches": 0, "percent_branches_covered": 100.0, "percent_branches_covered_display": "100"}, "missing_lines": [], "excluded_lines": [], "start_line": 399, "executed_branches": [], "missing_branches": []}, "TexRenderer._render_cell._display_math_sub": {"executed_lines": [], "summary": {"covered_lines": 0, "num_statements": 4, "percent_covered": 0.0, "percent_covered_display": "0", "missing_lines": 4, "excluded_lines": 0, "percent_statements_covered": 0.0, "percent_statements_covered_display": "0", "num_branches": 2, "num_partial_branches": 0, "covered_branches": 0, "missing_branches": 2, "percent_branches_covered": 0.0, "percent_branches_covered_display": "0"}, "missing_lines": [405, 406, 407, 408], "excluded_lines": [], "start_line": 404, "executed_branches": [], "missing_branches": [[406, 407], [406, 408]]}, "TexRenderer._render_cell._math_sub": {"executed_lines": [411, 412, 414], "summary": {"covered_lines": 3, "num_statements": 4, "percent_covered": 66.66666666666667, "percent_covered_display": "67", "missing_lines": 1, "excluded_lines": 0, "percent_statements_covered": 75.0, "percent_statements_covered_display": "75", "num_branches": 2, "num_partial_branches": 1, "covered_branches": 1, "missing_branches": 1, "percent_branches_covered": 50.0, "percent_branches_covered_display": "50"}, "missing_lines": [413], "excluded_lines": [], "start_line": 410, "executed_branches": [[412, 414]], "missing_branches": [[412, 413]]}, "TexRenderer._render_inline": {"executed_lines": [452, 453, 454, 455, 461, 462, 463, 464, 465, 466, 467, 468, 469, 470, 471, 472, 473, 476, 477], "summary": {"covered_lines": 19, "num_statements": 19, "percent_covered": 100.0, "percent_covered_display": "100", "missing_lines": 0, "excluded_lines": 0, "percent_statements_covered": 100.0, "percent_statements_covered_display": "100", "num_branches": 10, "num_partial_branches": 0, "covered_branches": 10, "missing_branches": 0, "percent_branches_covered": 100.0, "percent_branches_covered_display": "100"}, "missing_lines": [], "excluded_lines": [], "start_line": 450, "executed_branches": [[452, 453], [452, 454], [461, 462], [461, 463], [466, 467], [466, 468], [471, 472], [471, 477], [472, 473], [472, 476]], "missing_branches": []}, "TexRenderer._render_display": {"executed_lines": [], "summary": {"covered_lines": 0, "num_statements": 19, "percent_covered": 0.0, "percent_covered_display": "0", "missing_lines": 19, "excluded_lines": 0, "percent_statements_covered": 0.0, "percent_statements_covered_display": "0", "num_branches": 10, "num_partial_branches": 0, "covered_branches": 0, "missing_branches": 10, "percent_branches_covered": 0.0, "percent_branches_covered_display": "0"}, "missing_lines": [481, 482, 483, 484, 490, 491, 492, 493, 494, 495, 496, 497, 498, 499, 500, 501, 502, 505, 506], "excluded_lines": [], "start_line": 479, "executed_branches": [], "missing_branches": [[481, 482], [481, 483], [490, 491], [490, 492], [495, 496], [495, 497], [500, 501], [500, 506], [501, 502], [501, 505]]}, "TexRenderer._render_source": {"executed_lines": [511, 512, 514, 515, 520, 526, 530, 539, 542, 546, 549, 553, 564, 565, 570, 573, 574, 575, 576, 579, 583, 584, 585, 586, 593, 594, 595, 596, 597, 601, 602, 606, 611, 617, 623, 629, 630, 631, 634, 635, 636, 639], "summary": {"covered_lines": 42, "num_statements": 42, "percent_covered": 100.0, "percent_covered_display": "100", "missing_lines": 0, "excluded_lines": 0, "percent_statements_covered": 100.0, "percent_statements_covered_display": "100", "num_branches": 12, "num_partial_branches": 0, "covered_branches": 12, "missing_branches": 0, "percent_branches_covered": 100.0, "percent_branches_covered_display": "100"}, "missing_lines": [], "excluded_lines": [], "start_line": 510, "executed_branches": [[511, 512], [511, 514], [583, 584], [583, 611], [594, 595], [594, 596], [601, 602], [601, 606], [629, 630], [629, 631], [634, 635], [634, 636]], "missing_branches": []}, "TexRenderer._wrap_paragraph": {"executed_lines": [650, 651, 652, 653, 654], "summary": {"covered_lines": 5, "num_statements": 5, "percent_covered": 100.0, "percent_covered_display": "100", "missing_lines": 0, "excluded_lines": 0, "percent_statements_covered": 100.0, "percent_statements_covered_display": "100", "num_branches": 4, "num_partial_branches": 0, "covered_branches": 4, "missing_branches": 0, "percent_branches_covered": 100.0, "percent_branches_covered_display": "100"}, "missing_lines": [], "excluded_lines": [], "start_line": 645, "executed_branches": [[650, 651], [650, 652], [652, 653], [652, 654]], "missing_branches": []}, "": {"executed_lines": [6, 8, 9, 10, 11, 12, 13, 14, 15, 16, 17, 18, 20, 21, 22, 28, 29, 30, 31, 38, 39, 40, 41, 46, 47, 48, 49, 52, 58, 67, 73, 115, 116, 118, 119, 121, 134, 151, 196, 199, 200, 201, 203, 274, 275, 276, 302, 310, 326, 340, 343, 346, 349, 354, 363, 376, 450, 479, 510, 641, 645], "summary": {"covered_lines": 61, "num_statements": 61, "percent_covered": 100.0, "percent_covered_display": "100", "missing_lines": 0, "excluded_lines": 0, "percent_statements_covered": 100.0, "percent_statements_covered_display": "100", "num_branches": 0, "num_partial_branches": 0, "covered_branches": 0, "missing_branches": 0, "percent_branches_covered": 100.0, "percent_branches_covered_display": "100"}, "missing_lines": [], "excluded_lines": [], "start_line": 1, "executed_branches": [], "missing_branches": []}}, "classes": {"TexRenderer": {"executed_lines": [218, 219, 220, 221, 224, 227, 228, 229, 230, 231, 233, 234, 235, 249, 250, 253, 254, 257, 263, 265, 272, 303, 304, 308, 311, 312, 313, 314, 315, 316, 317, 318, 319, 320, 327, 328, 329, 330, 331, 332, 333, 334, 335, 336, 341, 344, 347, 350, 361, 385, 386, 391, 392, 397, 399, 400, 401, 402, 404, 410, 411, 412, 414, 416, 417, 421, 424, 427, 437, 438, 441, 444, 445, 447, 448, 452, 453, 454, 455, 461, 462, 463, 464, 465, 466, 467, 468, 469, 470, 471, 472, 473, 476, 477, 511, 512, 514, 515, 520, 526, 530, 539, 542, 546, 549, 553, 564, 565, 570, 573, 574, 575, 576, 579, 583, 584, 585, 586, 593, 594, 595, 596, 597, 601, 602, 606, 611, 617, 623, 629, 630, 631, 634, 635, 636, 639, 650, 651, 652, 653, 654], "summary": {"covered_lines": 141, "num_statements": 183, "percent_covered": 74.70355731225297, "percent_covered_display": "75", "missing_lines": 42, "excluded_lines": 0, "percent_statements_covered": 77.04918032786885, "percent_statements_covered_display": "77", "num_branches": 70, "num_partial_branches": 4, "covered_branches": 48, "missing_branches": 22, "percent_branches_covered": 68.57142857142857, "percent_branches_covered_display": "69"}, "missing_lines": [237, 255, 256, 258, 259, 260, 283, 284, 285, 286, 287, 293, 294, 295, 296, 297, 298, 372, 405, 406, 407, 408, 413, 481, 482, 483, 484, 490, 491, 492, 493, 494, 495, 496, 497, 498, 499, 500, 501, 502, 505, 506], "excluded_lines": [], "start_line": 196, "executed_branches": [[233, 234], [249, 250], [257, 263], [303, 304], [303, 308], [313, 314], [313, 315], [315, 316], [315, 317], [318, 319], [318, 320], [329, 330], [329, 331], [331, 332], [331, 333], [334, 335], [334, 336], [385, 386], [385, 391], [412, 414], [444, 445], [444, 447], [452, 453], [452, 454], [461, 462], [461, 463], [466, 467], [466, 468], [471, 472], [471, 477], [472, 473], [472, 476], [511, 512], [511, 514], [583, 584], [583, 611], [594, 595], [594, 596], [601, 602], [601, 606], [629, 630], [629, 631], [634, 635], [634, 636], [650, 651], [650, 652], [652, 653], [652, 654]], "missing_branches": [[233, 237], [249, 263], [257, 258], [259, 260], [259, 263], [284, 285], [284, 286], [295, 296], [295, 297], [406, 407], [406, 408], [412, 413], [481, 482], [481, 483], [490, 491], [490, 492], [495, 496], [495, 497], [500, 501], [500, 506], [501, 502], [501, 505]]}, "": {"executed_lines": [6, 8, 9, 10, 11, 12, 13, 14, 15, 16, 17, 18, 20, 21, 22, 28, 29, 30, 31, 38, 39, 40, 41, 46, 47, 48, 49, 52, 58, 67, 73, 82, 83, 84, 86, 87, 94, 100, 101, 107, 115, 116, 118, 119, 121, 134, 151, 158, 159, 160, 161, 162, 163, 164, 166, 167, 168, 169, 186, 187, 193, 196, 199, 200, 201, 203, 274, 275, 276, 302, 310, 326, 340, 343, 346, 349, 354, 363, 376, 450, 479, 510, 641, 645], "summary": {"covered_lines": 84, "num_statements": 88, "percent_covered": 96.07843137254902, "percent_covered_display": "96", "missing_lines": 4, "excluded_lines": 0, "percent_statements_covered": 95.45454545454545, "percent_statements_covered_display": "95", "num_branches": 14, "num_partial_branches": 0, "covered_branches": 14, "missing_branches": 0, "percent_branches_covered": 100.0, "percent_branches_covered_display": "100"}, "missing_lines": [176, 177, 181, 182], "excluded_lines": [], "start_line": 1, "executed_branches": [[82, 83], [82, 84], [86, 87], [86, 100], [100, -73], [100, 101], [158, 159], [158, 160], [161, 162], [161, 163], [163, 164], [163, 166], [186, 187], [186, 193]], "missing_branches": []}}}, "scriba/tex/validate.py": {"executed_lines": [9, 11, 14, 42, 48, 49, 51, 54, 55, 56, 57, 58, 61, 62, 63, 64, 65, 68, 70, 71, 72, 75, 76, 77, 78, 79, 81, 82, 85, 87, 88, 90, 94, 95, 96, 100, 104, 108, 114, 115, 116, 117, 120, 121, 122, 123, 124, 125, 126, 128, 129, 133, 134, 135], "summary": {"covered_lines": 54, "num_statements": 62, "percent_covered": 86.0, "percent_covered_display": "86", "missing_lines": 8, "excluded_lines": 0, "percent_statements_covered": 87.09677419354838, "percent_statements_covered_display": "87", "num_branches": 38, "num_partial_branches": 6, "covered_branches": 32, "missing_branches": 6, "percent_branches_covered": 84.21052631578948, "percent_branches_covered_display": "84"}, "missing_lines": [59, 60, 67, 91, 102, 105, 118, 119], "excluded_lines": [], "executed_branches": [[48, 49], [48, 51], [56, 57], [56, 70], [58, 61], [61, 62], [61, 63], [63, 64], [63, 68], [64, 65], [70, 71], [70, 75], [76, 77], [76, 104], [81, 82], [81, 87], [87, 88], [87, 90], [90, 94], [94, 95], [104, 108], [116, 117], [116, 128], [117, 120], [120, 121], [120, 126], [121, 122], [121, 125], [128, 129], [128, 133], [133, 134], [133, 135]], "missing_branches": [[58, 59], [64, 67], [90, 91], [94, 102], [104, 105], [117, 118]], "functions": {"validate": {"executed_lines": [48, 49, 51, 54, 55, 56, 57, 58, 61, 62, 63, 64, 65, 68, 70, 71, 72, 75, 76, 77, 78, 79, 81, 82, 85, 87, 88, 90, 94, 95, 96, 100, 104, 108, 114, 115, 116, 117, 120, 121, 122, 123, 124, 125, 126, 128, 129, 133, 134, 135], "summary": {"covered_lines": 50, "num_statements": 58, "percent_covered": 85.41666666666667, "percent_covered_display": "85", "missing_lines": 8, "excluded_lines": 0, "percent_statements_covered": 86.20689655172414, "percent_statements_covered_display": "86", "num_branches": 38, "num_partial_branches": 6, "covered_branches": 32, "missing_branches": 6, "percent_branches_covered": 84.21052631578948, "percent_branches_covered_display": "84"}, "missing_lines": [59, 60, 67, 91, 102, 105, 118, 119], "excluded_lines": [], "start_line": 42, "executed_branches": [[48, 49], [48, 51], [56, 57], [56, 70], [58, 61], [61, 62], [61, 63], [63, 64], [63, 68], [64, 65], [70, 71], [70, 75], [76, 77], [76, 104], [81, 82], [81, 87], [87, 88], [87, 90], [90, 94], [94, 95], [104, 108], [116, 117], [116, 128], [117, 120], [120, 121], [120, 126], [121, 122], [121, 125], [128, 129], [128, 133], [133, 134], [133, 135]], "missing_branches": [[58, 59], [64, 67], [90, 91], [94, 102], [104, 105], [117, 118]]}, "": {"executed_lines": [9, 11, 14, 42], "summary": {"covered_lines": 4, "num_statements": 4, "percent_covered": 100.0, "percent_covered_display": "100", "missing_lines": 0, "excluded_lines": 0, "percent_statements_covered": 100.0, "percent_statements_covered_display": "100", "num_branches": 0, "num_partial_branches": 0, "covered_branches": 0, "missing_branches": 0, "percent_branches_covered": 100.0, "percent_branches_covered_display": "100"}, "missing_lines": [], "excluded_lines": [], "start_line": 1, "executed_branches": [], "missing_branches": []}}, "classes": {"": {"executed_lines": [9, 11, 14, 42, 48, 49, 51, 54, 55, 56, 57, 58, 61, 62, 63, 64, 65, 68, 70, 71, 72, 75, 76, 77, 78, 79, 81, 82, 85, 87, 88, 90, 94, 95, 96, 100, 104, 108, 114, 115, 116, 117, 120, 121, 122, 123, 124, 125, 126, 128, 129, 133, 134, 135], "summary": {"covered_lines": 54, "num_statements": 62, "percent_covered": 86.0, "percent_covered_display": "86", "missing_lines": 8, "excluded_lines": 0, "percent_statements_covered": 87.09677419354838, "percent_statements_covered_display": "87", "num_branches": 38, "num_partial_branches": 6, "covered_branches": 32, "missing_branches": 6, "percent_branches_covered": 84.21052631578948, "percent_branches_covered_display": "84"}, "missing_lines": [59, 60, 67, 91, 102, 105, 118, 119], "excluded_lines": [], "start_line": 1, "executed_branches": [[48, 49], [48, 51], [56, 57], [56, 70], [58, 61], [61, 62], [61, 63], [63, 64], [63, 68], [64, 65], [70, 71], [70, 75], [76, 77], [76, 104], [81, 82], [81, 87], [87, 88], [87, 90], [90, 94], [94, 95], [104, 108], [116, 117], [116, 128], [117, 120], [120, 121], [120, 126], [121, 122], [121, 125], [128, 129], [128, 133], [133, 134], [133, 135]], "missing_branches": [[58, 59], [64, 67], [90, 91], [94, 102], [104, 105], [117, 118]]}}}}, "totals": {"covered_lines": 8102, "num_statements": 9121, "percent_covered": 86.32170076213397, "percent_covered_display": "86", "missing_lines": 1019, "excluded_lines": 160, "percent_statements_covered": 88.82797938822497, "percent_statements_covered_display": "89", "num_branches": 3344, "num_partial_branches": 408, "covered_branches": 2658, "missing_branches": 686, "percent_branches_covered": 79.48564593301435, "percent_branches_covered_display": "79"}}